#
# There is insufficient memory for the Java Runtime Environment to continue.
# Native memory allocation (malloc) failed to allocate 1048576 bytes for AllocateHeap
# Possible reasons:
#   The system is out of physical RAM or swap space
#   The process is running with CompressedOops enabled, and the Java Heap may be blocking the growth of the native heap
# Possible solutions:
#   Reduce memory load on the system
#   Increase physical memory or swap space
#   Check if swap backing store is full
#   Decrease Java heap size (-Xmx/-Xms)
#   Decrease number of Java threads
#   Decrease Java thread stack sizes (-Xss)
#   Set larger code cache with -XX:ReservedCodeCacheSize=
#   JVM is running with Unscaled Compressed Oops mode in which the Java heap is
#     placed in the first 4GB address space. The Java Heap base address is the
#     maximum limit for the native heap growth. Please use -XX:HeapBaseMinAddress
#     to set the Java Heap base and to place the Java Heap above 4GB virtual address.
# This output file may be truncated or incomplete.
#
#  Out of Memory Error (allocation.cpp:44), pid=5952, tid=1896
#
# JRE version: OpenJDK Runtime Environment Temurin-17.0.5+8 (17.0.5+8) (build 17.0.5+8)
# Java VM: OpenJDK 64-Bit Server VM Temurin-17.0.5+8 (17.0.5+8, mixed mode, emulated-client, tiered, compressed oops, compressed class ptrs, g1 gc, windows-amd64)
# No core dump will be written. Minidumps are not enabled by default on client versions of Windows
#

---------------  S U M M A R Y ------------

Command Line: -XX:+HeapDumpOnOutOfMemoryError -Xmx1024m -Dsts.lsp.client=vscode -Dsts.log.file=/dev/null -XX:TieredStopAtLevel=1 -Xlog:jni+resolve=off -Dspring.config.location=file:c:\Users\davic\.vscode\extensions\vmware.vscode-spring-boot-1.44.0\language-server\BOOT-INF\classes\application.properties org.springframework.ide.vscode.boot.app.BootLanguageServerBootApp

Host: AMD Ryzen 7 3700X 8-Core Processor             , 16 cores, 31G,  Windows 11 , 64 bit Build 22621 (10.0.22621.457)
Time: Mon Feb 13 20:09:39 2023 Hora estándar de Argentina elapsed time: 968.421469 seconds (0d 0h 16m 8s)

---------------  T H R E A D  ---------------

Current thread (0x000001d3c311bfa0):  VMThread "VM Thread" [stack: 0x0000004cf9b00000,0x0000004cf9c00000] [id=1896]

Stack: [0x0000004cf9b00000,0x0000004cf9c00000]
Native frames: (J=compiled Java code, j=interpreted, Vv=VM code, C=native code)
V  [jvm.dll+0x676b3a]
V  [jvm.dll+0x831444]
V  [jvm.dll+0x832bee]
V  [jvm.dll+0x833253]
V  [jvm.dll+0x244ce5]
V  [jvm.dll+0xa631f]
V  [jvm.dll+0x2f4f03]
V  [jvm.dll+0x2f0c10]
V  [jvm.dll+0x2d92f7]
V  [jvm.dll+0x31c3b7]
V  [jvm.dll+0x8376fb]
V  [jvm.dll+0x838434]
V  [jvm.dll+0x83894c]
V  [jvm.dll+0x838d24]
V  [jvm.dll+0x838df0]
V  [jvm.dll+0x7e17ea]
V  [jvm.dll+0x6759e5]
C  [ucrtbase.dll+0x29363]
C  [KERNEL32.DLL+0x1244d]
C  [ntdll.dll+0x5df78]

VM_Operation (0x0000004cfbbff1d0): G1CollectFull, mode: safepoint, requested by thread 0x000001d3c5452140


---------------  P R O C E S S  ---------------

Threads class SMR info:
_java_thread_list=0x000001d3c7a22ab0, length=46, elements={
0x000001d3c3141260, 0x000001d3c3141d20, 0x000001d3c3166690, 0x000001d3c3167050,
0x000001d3c316de40, 0x000001d3c316e700, 0x000001d3c316f680, 0x000001d3c3175490,
0x000001d3c337dcf0, 0x000001d3c33903b0, 0x000001d3c5435390, 0x000001d3c5451010,
0x000001d3c5452140, 0x000001d3c546df60, 0x000001d3b7712cf0, 0x000001d3c5342e70,
0x000001d3c550d030, 0x000001d3c5538570, 0x000001d3c56161f0, 0x000001d3c561b3c0,
0x000001d3c5615380, 0x000001d3c561aef0, 0x000001d3c561bd60, 0x000001d3c561c230,
0x000001d3c56149e0, 0x000001d3c5614eb0, 0x000001d3c7fd9980, 0x000001d3c7fdf4f0,
0x000001d3c7fd94b0, 0x000001d3c7fdc000, 0x000001d3c7fd9e50, 0x000001d3c7fdeb50,
0x000001d3c7fdd340, 0x000001d3c7fda320, 0x000001d3c7fda7f0, 0x000001d3c7fdacc0,
0x000001d3c5615d20, 0x000001d3c5619210, 0x000001d3c5616b90, 0x000001d3c561a080,
0x000001d3c5617ed0, 0x000001d3c5619bb0, 0x000001d3c561a550, 0x000001d3c7fdb190,
0x000001d3c7fdf9c0, 0x000001d3c7fdc4d0
}

Java Threads: ( => current thread )
  0x000001d3c3141260 JavaThread "Reference Handler" daemon [_thread_blocked, id=10384, stack(0x0000004cf9c00000,0x0000004cf9d00000)]
  0x000001d3c3141d20 JavaThread "Finalizer" daemon [_thread_blocked, id=13888, stack(0x0000004cf9d00000,0x0000004cf9e00000)]
  0x000001d3c3166690 JavaThread "Signal Dispatcher" daemon [_thread_blocked, id=23620, stack(0x0000004cf9e00000,0x0000004cf9f00000)]
  0x000001d3c3167050 JavaThread "Attach Listener" daemon [_thread_blocked, id=23216, stack(0x0000004cf9f00000,0x0000004cfa000000)]
  0x000001d3c316de40 JavaThread "Service Thread" daemon [_thread_blocked, id=20400, stack(0x0000004cfa000000,0x0000004cfa100000)]
  0x000001d3c316e700 JavaThread "Monitor Deflation Thread" daemon [_thread_blocked, id=19552, stack(0x0000004cfa100000,0x0000004cfa200000)]
  0x000001d3c316f680 JavaThread "C1 CompilerThread0" daemon [_thread_blocked, id=4916, stack(0x0000004cfa200000,0x0000004cfa300000)]
  0x000001d3c3175490 JavaThread "Sweeper thread" daemon [_thread_blocked, id=19128, stack(0x0000004cfa300000,0x0000004cfa400000)]
  0x000001d3c337dcf0 JavaThread "Notification Thread" daemon [_thread_blocked, id=21908, stack(0x0000004cfa600000,0x0000004cfa700000)]
  0x000001d3c33903b0 JavaThread "Common-Cleaner" daemon [_thread_blocked, id=21900, stack(0x0000004cfa800000,0x0000004cfa900000)]
  0x000001d3c5435390 JavaThread "boundedElastic-evictor-1" daemon [_thread_blocked, id=23100, stack(0x0000004cfb900000,0x0000004cfba00000)]
  0x000001d3c5451010 JavaThread "boundedElastic-evictor-2" daemon [_thread_blocked, id=23344, stack(0x0000004cfba00000,0x0000004cfbb00000)]
  0x000001d3c5452140 JavaThread "pool-10-thread-1" [_thread_blocked, id=9756, stack(0x0000004cfbb00000,0x0000004cfbc00000)]
  0x000001d3c546df60 JavaThread "LanguageServerApp-lifecycle" [_thread_blocked, id=5328, stack(0x0000004cfbc00000,0x0000004cfbd00000)]
  0x000001d3b7712cf0 JavaThread "DestroyJavaVM" [_thread_blocked, id=18548, stack(0x0000004cf9500000,0x0000004cf9600000)]
  0x000001d3c5342e70 JavaThread "pool-11-thread-1" [_thread_in_native, id=4500, stack(0x0000004cfbd00000,0x0000004cfbe00000)]
  0x000001d3c550d030 JavaThread "Simple-Language-Server main thread" daemon [_thread_blocked, id=23304, stack(0x0000004cfbe00000,0x0000004cfbf00000)]
  0x000001d3c5538570 JavaThread "pool-6-thread-1" [_thread_blocked, id=24168, stack(0x0000004cfc200000,0x0000004cfc300000)]
  0x000001d3c56161f0 JavaThread "parallel-1" daemon [_thread_blocked, id=23336, stack(0x0000004cfdc00000,0x0000004cfdd00000)]
  0x000001d3c561b3c0 JavaThread "pool-4-thread-1" [_thread_blocked, id=13956, stack(0x0000004cfe400000,0x0000004cfe500000)]
  0x000001d3c5615380 JavaThread "parallel-2" daemon [_thread_blocked, id=3232, stack(0x0000004cfe500000,0x0000004cfe600000)]
  0x000001d3c561aef0 JavaThread "parallel-3" daemon [_thread_blocked, id=22960, stack(0x0000004cfe600000,0x0000004cfe700000)]
  0x000001d3c561bd60 JavaThread "pool-7-thread-1" [_thread_blocked, id=7400, stack(0x0000004cfe800000,0x0000004cfe900000)]
  0x000001d3c561c230 JavaThread "pool-7-thread-2" [_thread_blocked, id=13676, stack(0x0000004cfe900000,0x0000004cfea00000)]
  0x000001d3c56149e0 JavaThread "pool-7-thread-3" [_thread_blocked, id=8448, stack(0x0000004cfea00000,0x0000004cfeb00000)]
  0x000001d3c5614eb0 JavaThread "pool-5-thread-1" [_thread_blocked, id=23436, stack(0x0000004cfec00000,0x0000004cfed00000)]
  0x000001d3c7fd9980 JavaThread "RMI RenewClean-[localhost:58875]" daemon [_thread_blocked, id=12628, stack(0x0000004cfed00000,0x0000004cfee00000)]
  0x000001d3c7fdf4f0 JavaThread "RMI GC Daemon" daemon [_thread_blocked, id=21256, stack(0x0000004cfee00000,0x0000004cfef00000)]
  0x000001d3c7fd94b0 JavaThread "RMI Scheduler(0)" daemon [_thread_blocked, id=1412, stack(0x0000004cfef00000,0x0000004cff000000)]
  0x000001d3c7fdc000 JavaThread "JMX client heartbeat 2" daemon [_thread_blocked, id=24364, stack(0x0000004cff000000,0x0000004cff100000)]
  0x000001d3c7fd9e50 JavaThread "pool-5-thread-2" [_thread_blocked, id=7092, stack(0x0000004cff100000,0x0000004cff200000)]
  0x000001d3c7fdeb50 JavaThread "pool-5-thread-3" [_thread_blocked, id=23872, stack(0x0000004cff200000,0x0000004cff300000)]
  0x000001d3c7fdd340 JavaThread "pool-5-thread-4" [_thread_blocked, id=11056, stack(0x0000004cff300000,0x0000004cff400000)]
  0x000001d3c7fda320 JavaThread "pool-5-thread-6" [_thread_blocked, id=18972, stack(0x0000004cff400000,0x0000004cff500000)]
  0x000001d3c7fda7f0 JavaThread "pool-5-thread-5" [_thread_blocked, id=18864, stack(0x0000004cff500000,0x0000004cff600000)]
  0x000001d3c7fdacc0 JavaThread "pool-5-thread-7" [_thread_blocked, id=7640, stack(0x0000004cff600000,0x0000004cff700000)]
  0x000001d3c5615d20 JavaThread "pool-5-thread-8" [_thread_blocked, id=22632, stack(0x0000004cfc400000,0x0000004cfc500000)]
  0x000001d3c5619210 JavaThread "pool-5-thread-9" [_thread_blocked, id=24256, stack(0x0000004cfc500000,0x0000004cfc600000)]
  0x000001d3c5616b90 JavaThread "pool-5-thread-10" [_thread_blocked, id=23668, stack(0x0000004cfc600000,0x0000004cfc700000)]
  0x000001d3c561a080 JavaThread "parallel-4" daemon [_thread_blocked, id=24344, stack(0x0000004cfc800000,0x0000004cfc900000)]
  0x000001d3c5617ed0 JavaThread "parallel-5" daemon [_thread_blocked, id=23888, stack(0x0000004cfc900000,0x0000004cfca00000)]
  0x000001d3c5619bb0 JavaThread "ForkJoinPool-1-worker-6" daemon [_thread_blocked, id=16700, stack(0x0000004cfd000000,0x0000004cfd100000)]
  0x000001d3c561a550 JavaThread "ForkJoinPool-1-worker-7" daemon [_thread_blocked, id=23944, stack(0x0000004cfd100000,0x0000004cfd200000)]
  0x000001d3c7fdb190 JavaThread "ForkJoinPool-1-worker-9" daemon [_thread_blocked, id=14540, stack(0x0000004cfd300000,0x0000004cfd400000)]
  0x000001d3c7fdf9c0 JavaThread "ForkJoinPool-1-worker-10" daemon [_thread_blocked, id=24428, stack(0x0000004cfd400000,0x0000004cfd500000)]
  0x000001d3c7fdc4d0 JavaThread "ForkJoinPool-1-worker-11" daemon [_thread_blocked, id=18124, stack(0x0000004cfd500000,0x0000004cfd600000)]

Other Threads:
=>0x000001d3c311bfa0 VMThread "VM Thread" [stack: 0x0000004cf9b00000,0x0000004cf9c00000] [id=1896]
  0x000001d3c3338ee0 WatcherThread [stack: 0x0000004cfa700000,0x0000004cfa800000] [id=23444]
  0x000001d3b7752eb0 GCTaskThread "GC Thread#0" [stack: 0x0000004cf9600000,0x0000004cf9700000] [id=324]
  0x000001d3c4899040 GCTaskThread "GC Thread#1" [stack: 0x0000004cfaa00000,0x0000004cfab00000] [id=8284]
  0x000001d3c48992f0 GCTaskThread "GC Thread#2" [stack: 0x0000004cfab00000,0x0000004cfac00000] [id=21560]
  0x000001d3c48995a0 GCTaskThread "GC Thread#3" [stack: 0x0000004cfac00000,0x0000004cfad00000] [id=23256]
  0x000001d3c4899850 GCTaskThread "GC Thread#4" [stack: 0x0000004cfad00000,0x0000004cfae00000] [id=1204]
  0x000001d3c4945010 GCTaskThread "GC Thread#5" [stack: 0x0000004cfae00000,0x0000004cfaf00000] [id=2192]
  0x000001d3c49452c0 GCTaskThread "GC Thread#6" [stack: 0x0000004cfaf00000,0x0000004cfb000000] [id=18740]
  0x000001d3c323e030 GCTaskThread "GC Thread#7" [stack: 0x0000004cfb000000,0x0000004cfb100000] [id=21744]
  0x000001d3c323e2e0 GCTaskThread "GC Thread#8" [stack: 0x0000004cfb100000,0x0000004cfb200000] [id=23856]
  0x000001d3c323e590 GCTaskThread "GC Thread#9" [stack: 0x0000004cfb200000,0x0000004cfb300000] [id=19768]
  0x000001d3c323ec50 GCTaskThread "GC Thread#10" [stack: 0x0000004cfb300000,0x0000004cfb400000] [id=20824]
  0x000001d3c323ef00 GCTaskThread "GC Thread#11" [stack: 0x0000004cfb400000,0x0000004cfb500000] [id=12512]
  0x000001d3c4f2e5e0 GCTaskThread "GC Thread#12" [stack: 0x0000004cfa900000,0x0000004cfaa00000] [id=23368]
  0x000001d3b775bdf0 ConcurrentGCThread "G1 Main Marker" [stack: 0x0000004cf9700000,0x0000004cf9800000] [id=12696]
  0x000001d3b775c960 ConcurrentGCThread "G1 Conc#0" [stack: 0x0000004cf9800000,0x0000004cf9900000] [id=5912]
  0x000001d3c4f2e080 ConcurrentGCThread "G1 Conc#1" [stack: 0x0000004cfb700000,0x0000004cfb800000] [id=23192]
  0x000001d3c4f2e330 ConcurrentGCThread "G1 Conc#2" [stack: 0x0000004cfb800000,0x0000004cfb900000] [id=23720]
  0x000001d3b77cdf00 ConcurrentGCThread "G1 Refine#0" [stack: 0x0000004cf9900000,0x0000004cf9a00000] [id=21380]
  0x000001d3c80f2010 ConcurrentGCThread "G1 Refine#1" [stack: 0x0000004cfde00000,0x0000004cfdf00000] [id=22920]
  0x000001d3c5740910 ConcurrentGCThread "G1 Refine#2" [stack: 0x0000004cfdf00000,0x0000004cfe000000] [id=23636]
  0x000001d3c78ba7e0 ConcurrentGCThread "G1 Refine#3" [stack: 0x0000004cfe000000,0x0000004cfe100000] [id=23384]
  0x000001d3c825e9c0 ConcurrentGCThread "G1 Refine#4" [stack: 0x0000004cfeb00000,0x0000004cfec00000] [id=23880]
  0x000001d3c825f540 ConcurrentGCThread "G1 Refine#5" [stack: 0x0000004cff700000,0x0000004cff800000] [id=23772]
  0x000001d3c825ef80 ConcurrentGCThread "G1 Refine#6" [stack: 0x0000004cff800000,0x0000004cff900000] [id=5408]
  0x000001d3c56280b0 ConcurrentGCThread "G1 Refine#7" [stack: 0x0000004cfc700000,0x0000004cfc800000] [id=24540]
  0x000001d3b77ce830 ConcurrentGCThread "G1 Service" [stack: 0x0000004cf9a00000,0x0000004cf9b00000] [id=21168]

Threads with active compile tasks:

VM state: at safepoint (normal execution)

VM Mutex/Monitor currently owned by a thread:  ([mutex/lock_event])
[0x000001d3b547aee0] Threads_lock - owner thread: 0x000001d3c311bfa0
[0x000001d3b553c510] Heap_lock - owner thread: 0x000001d3c5452140

Heap address: 0x00000000c0000000, size: 1024 MB, Compressed Oops mode: 32-bit

CDS archive(s) not mapped
Compressed class space mapped at: 0x0000000100000000-0x0000000140000000, reserved size: 1073741824
Narrow klass base: 0x0000000000000000, Narrow klass shift: 3, Narrow klass range: 0x140000000

GC Precious Log:
 CPUs: 16 total, 16 available
 Memory: 32691M
 Large Page Support: Disabled
 NUMA Support: Disabled
 Compressed Oops: Enabled (32-bit)
 Heap Region Size: 1M
 Heap Min Capacity: 8M
 Heap Initial Capacity: 512M
 Heap Max Capacity: 1G
 Pre-touch: Disabled
 Parallel Workers: 13
 Concurrent Workers: 3
 Concurrent Refinement Workers: 13
 Periodic GC: Disabled

Heap:
 garbage-first heap   total 130048K, used 38427K [0x00000000c0000000, 0x0000000100000000)
  region size 1024K, 1 young (1024K), 0 survivors (0K)
 Metaspace       used 64437K, committed 65280K, reserved 1105920K
  class space    used 8999K, committed 9344K, reserved 1048576K

Heap Regions: E=young(eden), S=young(survivor), O=old, HS=humongous(starts), HC=humongous(continues), CS=collection set, F=free, OA=open archive, CA=closed archive, TAMS=top-at-mark-start (previous, next)
|   0|0x00000000c0000000, 0x00000000c0100000, 0x00000000c0100000|100%| O|  |TAMS 0x00000000c0100000, 0x00000000c0000000| Untracked 
|   1|0x00000000c0100000, 0x00000000c0200000, 0x00000000c0200000|100%| O|  |TAMS 0x00000000c0200000, 0x00000000c0100000| Untracked 
|   2|0x00000000c0200000, 0x00000000c02fffd0, 0x00000000c0300000| 99%| O|  |TAMS 0x00000000c02fffd0, 0x00000000c0200000| Untracked 
|   3|0x00000000c0300000, 0x00000000c03fffe8, 0x00000000c0400000| 99%| O|  |TAMS 0x00000000c03fffe8, 0x00000000c0300000| Untracked 
|   4|0x00000000c0400000, 0x00000000c04ffff8, 0x00000000c0500000| 99%| O|  |TAMS 0x00000000c04ffff8, 0x00000000c0400000| Untracked 
|   5|0x00000000c0500000, 0x00000000c0600000, 0x00000000c0600000|100%| O|  |TAMS 0x00000000c0600000, 0x00000000c0500000| Untracked 
|   6|0x00000000c0600000, 0x00000000c06fffe8, 0x00000000c0700000| 99%| O|  |TAMS 0x00000000c06fffe8, 0x00000000c0600000| Untracked 
|   7|0x00000000c0700000, 0x00000000c07ffff8, 0x00000000c0800000| 99%| O|  |TAMS 0x00000000c07ffff8, 0x00000000c0700000| Untracked 
|   8|0x00000000c0800000, 0x00000000c08ffff0, 0x00000000c0900000| 99%| O|  |TAMS 0x00000000c08ffff0, 0x00000000c0800000| Untracked 
|   9|0x00000000c0900000, 0x00000000c09ffff0, 0x00000000c0a00000| 99%| O|  |TAMS 0x00000000c09ffff0, 0x00000000c0900000| Untracked 
|  10|0x00000000c0a00000, 0x00000000c0afffd8, 0x00000000c0b00000| 99%| O|  |TAMS 0x00000000c0afffd8, 0x00000000c0a00000| Untracked 
|  11|0x00000000c0b00000, 0x00000000c0bfffe8, 0x00000000c0c00000| 99%| O|  |TAMS 0x00000000c0bfffe8, 0x00000000c0b00000| Untracked 
|  12|0x00000000c0c00000, 0x00000000c0cfffd8, 0x00000000c0d00000| 99%| O|  |TAMS 0x00000000c0cfffd8, 0x00000000c0c00000| Untracked 
|  13|0x00000000c0d00000, 0x00000000c0dffad0, 0x00000000c0e00000| 99%| O|  |TAMS 0x00000000c0dffad0, 0x00000000c0d00000| Untracked 
|  14|0x00000000c0e00000, 0x00000000c0effff8, 0x00000000c0f00000| 99%| O|  |TAMS 0x00000000c0effff8, 0x00000000c0e00000| Untracked 
|  15|0x00000000c0f00000, 0x00000000c0fffff0, 0x00000000c1000000| 99%| O|  |TAMS 0x00000000c0fffff0, 0x00000000c0f00000| Untracked 
|  16|0x00000000c1000000, 0x00000000c1100000, 0x00000000c1100000|100%| O|  |TAMS 0x00000000c1100000, 0x00000000c1000000| Untracked 
|  17|0x00000000c1100000, 0x00000000c11ffff0, 0x00000000c1200000| 99%| O|  |TAMS 0x00000000c11ffff0, 0x00000000c1100000| Untracked 
|  18|0x00000000c1200000, 0x00000000c12ffff0, 0x00000000c1300000| 99%| O|  |TAMS 0x00000000c12ffff0, 0x00000000c1200000| Untracked 
|  19|0x00000000c1300000, 0x00000000c13fffc8, 0x00000000c1400000| 99%| O|  |TAMS 0x00000000c13fffc8, 0x00000000c1300000| Untracked 
|  20|0x00000000c1400000, 0x00000000c14ffff0, 0x00000000c1500000| 99%| O|  |TAMS 0x00000000c14ffff0, 0x00000000c1400000| Untracked 
|  21|0x00000000c1500000, 0x00000000c15fffe8, 0x00000000c1600000| 99%| O|  |TAMS 0x00000000c15fffe8, 0x00000000c1500000| Untracked 
|  22|0x00000000c1600000, 0x00000000c1700000, 0x00000000c1700000|100%|HS|  |TAMS 0x00000000c1700000, 0x00000000c1600000| Untracked 
|  23|0x00000000c1700000, 0x00000000c17ffff0, 0x00000000c1800000| 99%| O|  |TAMS 0x00000000c17ffff0, 0x00000000c1700000| Untracked 
|  24|0x00000000c1800000, 0x00000000c18fffd8, 0x00000000c1900000| 99%| O|  |TAMS 0x00000000c18fffd8, 0x00000000c1800000| Untracked 
|  25|0x00000000c1900000, 0x00000000c19ffd50, 0x00000000c1a00000| 99%| O|  |TAMS 0x00000000c19ffd50, 0x00000000c1900000| Untracked 
|  26|0x00000000c1a00000, 0x00000000c1affe18, 0x00000000c1b00000| 99%| O|  |TAMS 0x00000000c1affe18, 0x00000000c1a00000| Untracked 
|  27|0x00000000c1b00000, 0x00000000c1bf4978, 0x00000000c1c00000| 95%| O|  |TAMS 0x00000000c1bf4978, 0x00000000c1b00000| Untracked 
|  28|0x00000000c1c00000, 0x00000000c1cf4c18, 0x00000000c1d00000| 95%| O|  |TAMS 0x00000000c1cf4c18, 0x00000000c1c00000| Untracked 
|  29|0x00000000c1d00000, 0x00000000c1dfeda0, 0x00000000c1e00000| 99%| O|  |TAMS 0x00000000c1dfeda0, 0x00000000c1d00000| Untracked 
|  30|0x00000000c1e00000, 0x00000000c1efffe8, 0x00000000c1f00000| 99%| O|  |TAMS 0x00000000c1efffe8, 0x00000000c1e00000| Untracked 
|  31|0x00000000c1f00000, 0x00000000c1fc9340, 0x00000000c2000000| 78%| O|  |TAMS 0x00000000c1f00000, 0x00000000c1f00000| Untracked 
|  32|0x00000000c2000000, 0x00000000c20ffff0, 0x00000000c2100000| 99%| O|  |TAMS 0x00000000c20ffff0, 0x00000000c2000000| Untracked 
|  33|0x00000000c2100000, 0x00000000c21c94e8, 0x00000000c2200000| 78%| O|  |TAMS 0x00000000c2100000, 0x00000000c2100000| Untracked 
|  34|0x00000000c2200000, 0x00000000c22ffec0, 0x00000000c2300000| 99%| O|  |TAMS 0x00000000c22ffec0, 0x00000000c2200000| Untracked 
|  35|0x00000000c2300000, 0x00000000c230cf60, 0x00000000c2400000|  5%| O|  |TAMS 0x00000000c2300000, 0x00000000c2300000| Untracked 
|  36|0x00000000c2400000, 0x00000000c2400000, 0x00000000c2500000|  0%| F|  |TAMS 0x00000000c2400000, 0x00000000c2400000| Untracked 
|  37|0x00000000c2500000, 0x00000000c2500000, 0x00000000c2600000|  0%| F|  |TAMS 0x00000000c2500000, 0x00000000c2500000| Untracked 
|  38|0x00000000c2600000, 0x00000000c2600000, 0x00000000c2700000|  0%| F|  |TAMS 0x00000000c2600000, 0x00000000c2600000| Untracked 
|  39|0x00000000c2700000, 0x00000000c2700000, 0x00000000c2800000|  0%| F|  |TAMS 0x00000000c2700000, 0x00000000c2700000| Untracked 
|  40|0x00000000c2800000, 0x00000000c2800000, 0x00000000c2900000|  0%| F|  |TAMS 0x00000000c2800000, 0x00000000c2800000| Untracked 
|  41|0x00000000c2900000, 0x00000000c2900000, 0x00000000c2a00000|  0%| F|  |TAMS 0x00000000c2900000, 0x00000000c2900000| Untracked 
|  42|0x00000000c2a00000, 0x00000000c2a00000, 0x00000000c2b00000|  0%| F|  |TAMS 0x00000000c2a00000, 0x00000000c2a00000| Untracked 
|  43|0x00000000c2b00000, 0x00000000c2b00000, 0x00000000c2c00000|  0%| F|  |TAMS 0x00000000c2b00000, 0x00000000c2b00000| Untracked 
|  44|0x00000000c2c00000, 0x00000000c2c00000, 0x00000000c2d00000|  0%| F|  |TAMS 0x00000000c2c00000, 0x00000000c2c00000| Untracked 
|  45|0x00000000c2d00000, 0x00000000c2d00000, 0x00000000c2e00000|  0%| F|  |TAMS 0x00000000c2d00000, 0x00000000c2d00000| Untracked 
|  46|0x00000000c2e00000, 0x00000000c2e00000, 0x00000000c2f00000|  0%| F|  |TAMS 0x00000000c2e00000, 0x00000000c2e00000| Untracked 
|  47|0x00000000c2f00000, 0x00000000c2f00000, 0x00000000c3000000|  0%| F|  |TAMS 0x00000000c2f00000, 0x00000000c2f00000| Untracked 
|  48|0x00000000c3000000, 0x00000000c3000000, 0x00000000c3100000|  0%| F|  |TAMS 0x00000000c3000000, 0x00000000c3000000| Untracked 
|  49|0x00000000c3100000, 0x00000000c3100000, 0x00000000c3200000|  0%| F|  |TAMS 0x00000000c3100000, 0x00000000c3100000| Untracked 
|  50|0x00000000c3200000, 0x00000000c3300000, 0x00000000c3300000|100%| O|  |TAMS 0x00000000c3300000, 0x00000000c3200000| Untracked 
|  51|0x00000000c3300000, 0x00000000c3300000, 0x00000000c3400000|  0%| F|  |TAMS 0x00000000c3300000, 0x00000000c3300000| Untracked 
|  52|0x00000000c3400000, 0x00000000c3400000, 0x00000000c3500000|  0%| F|  |TAMS 0x00000000c3400000, 0x00000000c3400000| Untracked 
|  53|0x00000000c3500000, 0x00000000c35ffff8, 0x00000000c3600000| 99%| O|  |TAMS 0x00000000c35ffff8, 0x00000000c3500000| Untracked 
|  54|0x00000000c3600000, 0x00000000c3600000, 0x00000000c3700000|  0%| F|  |TAMS 0x00000000c3600000, 0x00000000c3600000| Untracked 
|  55|0x00000000c3700000, 0x00000000c3800000, 0x00000000c3800000|100%| O|  |TAMS 0x00000000c3800000, 0x00000000c3700000| Untracked 
|  56|0x00000000c3800000, 0x00000000c3800000, 0x00000000c3900000|  0%| F|  |TAMS 0x00000000c3800000, 0x00000000c3800000| Untracked 
|  57|0x00000000c3900000, 0x00000000c3900000, 0x00000000c3a00000|  0%| F|  |TAMS 0x00000000c3900000, 0x00000000c3900000| Untracked 
|  58|0x00000000c3a00000, 0x00000000c3a00000, 0x00000000c3b00000|  0%| F|  |TAMS 0x00000000c3a00000, 0x00000000c3a00000| Untracked 
|  59|0x00000000c3b00000, 0x00000000c3b00000, 0x00000000c3c00000|  0%| F|  |TAMS 0x00000000c3b00000, 0x00000000c3b00000| Untracked 
|  60|0x00000000c3c00000, 0x00000000c3c00000, 0x00000000c3d00000|  0%| F|  |TAMS 0x00000000c3c00000, 0x00000000c3c00000| Untracked 
|  61|0x00000000c3d00000, 0x00000000c3d00000, 0x00000000c3e00000|  0%| F|  |TAMS 0x00000000c3d00000, 0x00000000c3d00000| Untracked 
|  62|0x00000000c3e00000, 0x00000000c3e00000, 0x00000000c3f00000|  0%| F|  |TAMS 0x00000000c3e00000, 0x00000000c3e00000| Untracked 
|  63|0x00000000c3f00000, 0x00000000c3f00000, 0x00000000c4000000|  0%| F|  |TAMS 0x00000000c3f00000, 0x00000000c3f00000| Untracked 
|  64|0x00000000c4000000, 0x00000000c4000000, 0x00000000c4100000|  0%| F|  |TAMS 0x00000000c4000000, 0x00000000c4000000| Untracked 
|  65|0x00000000c4100000, 0x00000000c4100000, 0x00000000c4200000|  0%| F|  |TAMS 0x00000000c4100000, 0x00000000c4100000| Untracked 
|  66|0x00000000c4200000, 0x00000000c4200000, 0x00000000c4300000|  0%| F|  |TAMS 0x00000000c4200000, 0x00000000c4200000| Untracked 
|  67|0x00000000c4300000, 0x00000000c4300000, 0x00000000c4400000|  0%| F|  |TAMS 0x00000000c4300000, 0x00000000c4300000| Untracked 
|  68|0x00000000c4400000, 0x00000000c4400000, 0x00000000c4500000|  0%| F|  |TAMS 0x00000000c4400000, 0x00000000c4400000| Untracked 
|  69|0x00000000c4500000, 0x00000000c4500000, 0x00000000c4600000|  0%| F|  |TAMS 0x00000000c4500000, 0x00000000c4500000| Untracked 
|  70|0x00000000c4600000, 0x00000000c4600000, 0x00000000c4700000|  0%| F|  |TAMS 0x00000000c4600000, 0x00000000c4600000| Untracked 
|  71|0x00000000c4700000, 0x00000000c4700000, 0x00000000c4800000|  0%| F|  |TAMS 0x00000000c4700000, 0x00000000c4700000| Untracked 
|  72|0x00000000c4800000, 0x00000000c4800000, 0x00000000c4900000|  0%| F|  |TAMS 0x00000000c4800000, 0x00000000c4800000| Untracked 
|  73|0x00000000c4900000, 0x00000000c4900000, 0x00000000c4a00000|  0%| F|  |TAMS 0x00000000c4900000, 0x00000000c4900000| Untracked 
|  74|0x00000000c4a00000, 0x00000000c4a00000, 0x00000000c4b00000|  0%| F|  |TAMS 0x00000000c4a00000, 0x00000000c4a00000| Untracked 
|  75|0x00000000c4b00000, 0x00000000c4b00000, 0x00000000c4c00000|  0%| F|  |TAMS 0x00000000c4b00000, 0x00000000c4b00000| Untracked 
|  76|0x00000000c4c00000, 0x00000000c4c00000, 0x00000000c4d00000|  0%| F|  |TAMS 0x00000000c4c00000, 0x00000000c4c00000| Untracked 
|  77|0x00000000c4d00000, 0x00000000c4d00000, 0x00000000c4e00000|  0%| F|  |TAMS 0x00000000c4d00000, 0x00000000c4d00000| Untracked 
|  78|0x00000000c4e00000, 0x00000000c4e00000, 0x00000000c4f00000|  0%| F|  |TAMS 0x00000000c4e00000, 0x00000000c4e00000| Untracked 
|  79|0x00000000c4f00000, 0x00000000c4f00000, 0x00000000c5000000|  0%| F|  |TAMS 0x00000000c4f00000, 0x00000000c4f00000| Untracked 
|  80|0x00000000c5000000, 0x00000000c5000000, 0x00000000c5100000|  0%| F|  |TAMS 0x00000000c5000000, 0x00000000c5000000| Untracked 
|  81|0x00000000c5100000, 0x00000000c5100000, 0x00000000c5200000|  0%| F|  |TAMS 0x00000000c5100000, 0x00000000c5100000| Untracked 
|  82|0x00000000c5200000, 0x00000000c5200000, 0x00000000c5300000|  0%| F|  |TAMS 0x00000000c5200000, 0x00000000c5200000| Untracked 
|  83|0x00000000c5300000, 0x00000000c5300000, 0x00000000c5400000|  0%| F|  |TAMS 0x00000000c5300000, 0x00000000c5300000| Untracked 
|  84|0x00000000c5400000, 0x00000000c5400000, 0x00000000c5500000|  0%| F|  |TAMS 0x00000000c5400000, 0x00000000c5400000| Untracked 
|  85|0x00000000c5500000, 0x00000000c5500000, 0x00000000c5600000|  0%| F|  |TAMS 0x00000000c5500000, 0x00000000c5500000| Untracked 
|  86|0x00000000c5600000, 0x00000000c5600000, 0x00000000c5700000|  0%| F|  |TAMS 0x00000000c5600000, 0x00000000c5600000| Untracked 
|  87|0x00000000c5700000, 0x00000000c5700000, 0x00000000c5800000|  0%| F|  |TAMS 0x00000000c5700000, 0x00000000c5700000| Untracked 
|  88|0x00000000c5800000, 0x00000000c5800000, 0x00000000c5900000|  0%| F|  |TAMS 0x00000000c5800000, 0x00000000c5800000| Untracked 
|  89|0x00000000c5900000, 0x00000000c5900000, 0x00000000c5a00000|  0%| F|  |TAMS 0x00000000c5900000, 0x00000000c5900000| Untracked 
|  90|0x00000000c5a00000, 0x00000000c5a00000, 0x00000000c5b00000|  0%| F|  |TAMS 0x00000000c5a00000, 0x00000000c5a00000| Untracked 
|  91|0x00000000c5b00000, 0x00000000c5b00000, 0x00000000c5c00000|  0%| F|  |TAMS 0x00000000c5b00000, 0x00000000c5b00000| Untracked 
|  92|0x00000000c5c00000, 0x00000000c5c00000, 0x00000000c5d00000|  0%| F|  |TAMS 0x00000000c5c00000, 0x00000000c5c00000| Untracked 
|  93|0x00000000c5d00000, 0x00000000c5d00000, 0x00000000c5e00000|  0%| F|  |TAMS 0x00000000c5d00000, 0x00000000c5d00000| Untracked 
|  94|0x00000000c5e00000, 0x00000000c5e00000, 0x00000000c5f00000|  0%| F|  |TAMS 0x00000000c5e00000, 0x00000000c5e00000| Untracked 
|  95|0x00000000c5f00000, 0x00000000c5f00000, 0x00000000c6000000|  0%| F|  |TAMS 0x00000000c5f00000, 0x00000000c5f00000| Untracked 
|  96|0x00000000c6000000, 0x00000000c6000000, 0x00000000c6100000|  0%| F|  |TAMS 0x00000000c6000000, 0x00000000c6000000| Untracked 
|  97|0x00000000c6100000, 0x00000000c6100000, 0x00000000c6200000|  0%| F|  |TAMS 0x00000000c6100000, 0x00000000c6100000| Untracked 
|  98|0x00000000c6200000, 0x00000000c6200000, 0x00000000c6300000|  0%| F|  |TAMS 0x00000000c6200000, 0x00000000c6200000| Untracked 
|  99|0x00000000c6300000, 0x00000000c6300000, 0x00000000c6400000|  0%| F|  |TAMS 0x00000000c6300000, 0x00000000c6300000| Untracked 
| 100|0x00000000c6400000, 0x00000000c6400000, 0x00000000c6500000|  0%| F|  |TAMS 0x00000000c6400000, 0x00000000c6400000| Untracked 
| 101|0x00000000c6500000, 0x00000000c6500000, 0x00000000c6600000|  0%| F|  |TAMS 0x00000000c6500000, 0x00000000c6500000| Untracked 
| 102|0x00000000c6600000, 0x00000000c6600000, 0x00000000c6700000|  0%| F|  |TAMS 0x00000000c6600000, 0x00000000c6600000| Untracked 
| 103|0x00000000c6700000, 0x00000000c6700000, 0x00000000c6800000|  0%| F|  |TAMS 0x00000000c6700000, 0x00000000c6700000| Untracked 
| 104|0x00000000c6800000, 0x00000000c6800000, 0x00000000c6900000|  0%| F|  |TAMS 0x00000000c6800000, 0x00000000c6800000| Untracked 
| 105|0x00000000c6900000, 0x00000000c6900000, 0x00000000c6a00000|  0%| F|  |TAMS 0x00000000c6900000, 0x00000000c6900000| Untracked 
| 106|0x00000000c6a00000, 0x00000000c6a00000, 0x00000000c6b00000|  0%| F|  |TAMS 0x00000000c6a00000, 0x00000000c6a00000| Untracked 
| 107|0x00000000c6b00000, 0x00000000c6b00000, 0x00000000c6c00000|  0%| F|  |TAMS 0x00000000c6b00000, 0x00000000c6b00000| Untracked 
| 108|0x00000000c6c00000, 0x00000000c6c00000, 0x00000000c6d00000|  0%| F|  |TAMS 0x00000000c6c00000, 0x00000000c6c00000| Untracked 
| 109|0x00000000c6d00000, 0x00000000c6d00000, 0x00000000c6e00000|  0%| F|  |TAMS 0x00000000c6d00000, 0x00000000c6d00000| Untracked 
| 110|0x00000000c6e00000, 0x00000000c6e00000, 0x00000000c6f00000|  0%| F|  |TAMS 0x00000000c6e00000, 0x00000000c6e00000| Untracked 
| 111|0x00000000c6f00000, 0x00000000c6f00000, 0x00000000c7000000|  0%| F|  |TAMS 0x00000000c6f00000, 0x00000000c6f00000| Untracked 
| 112|0x00000000c7000000, 0x00000000c7000000, 0x00000000c7100000|  0%| F|  |TAMS 0x00000000c7000000, 0x00000000c7000000| Untracked 
| 113|0x00000000c7100000, 0x00000000c7100000, 0x00000000c7200000|  0%| F|  |TAMS 0x00000000c7100000, 0x00000000c7100000| Untracked 
| 114|0x00000000c7200000, 0x00000000c7200000, 0x00000000c7300000|  0%| F|  |TAMS 0x00000000c7200000, 0x00000000c7200000| Untracked 
| 115|0x00000000c7300000, 0x00000000c7300000, 0x00000000c7400000|  0%| F|  |TAMS 0x00000000c7300000, 0x00000000c7300000| Untracked 
| 116|0x00000000c7400000, 0x00000000c7400000, 0x00000000c7500000|  0%| F|  |TAMS 0x00000000c7400000, 0x00000000c7400000| Untracked 
| 117|0x00000000c7500000, 0x00000000c7500000, 0x00000000c7600000|  0%| F|  |TAMS 0x00000000c7500000, 0x00000000c7500000| Untracked 
| 118|0x00000000c7600000, 0x00000000c7600000, 0x00000000c7700000|  0%| F|  |TAMS 0x00000000c7600000, 0x00000000c7600000| Untracked 
| 119|0x00000000c7700000, 0x00000000c7700000, 0x00000000c7800000|  0%| F|  |TAMS 0x00000000c7700000, 0x00000000c7700000| Untracked 
| 120|0x00000000c7800000, 0x00000000c7800000, 0x00000000c7900000|  0%| F|  |TAMS 0x00000000c7800000, 0x00000000c7800000| Untracked 
| 121|0x00000000c7900000, 0x00000000c7900000, 0x00000000c7a00000|  0%| F|  |TAMS 0x00000000c7900000, 0x00000000c7900000| Untracked 
| 122|0x00000000c7a00000, 0x00000000c7a00000, 0x00000000c7b00000|  0%| F|  |TAMS 0x00000000c7a00000, 0x00000000c7a00000| Untracked 
| 123|0x00000000c7b00000, 0x00000000c7b00000, 0x00000000c7c00000|  0%| F|  |TAMS 0x00000000c7b00000, 0x00000000c7b00000| Untracked 
| 124|0x00000000c7c00000, 0x00000000c7c00000, 0x00000000c7d00000|  0%| F|  |TAMS 0x00000000c7c00000, 0x00000000c7c00000| Untracked 
| 125|0x00000000c7d00000, 0x00000000c7d00000, 0x00000000c7e00000|  0%| F|  |TAMS 0x00000000c7d00000, 0x00000000c7d00000| Untracked 
| 126|0x00000000c7e00000, 0x00000000c7e5c6b0, 0x00000000c7f00000| 36%| E|  |TAMS 0x00000000c7e00000, 0x00000000c7e00000| Complete 

Card table byte_map: [0x000001d3bdbf0000,0x000001d3bddf0000] _byte_map_base: 0x000001d3bd5f0000

Marking Bits (Prev, Next): (CMBitMap*) 0x000001d3b7753500, (CMBitMap*) 0x000001d3b77534c0
 Prev Bits: [0x000001d3beff0000, 0x000001d3bfff0000)
 Next Bits: [0x000001d3bdff0000, 0x000001d3beff0000)

Polling page: 0x000001d3b56c0000

Metaspace:

Usage:
  Non-class:     54.14 MB used.
      Class:      8.79 MB used.
       Both:     62.93 MB used.

Virtual space:
  Non-class space:       56.00 MB reserved,      54.62 MB ( 98%) committed,  7 nodes.
      Class space:        1.00 GB reserved,       9.12 MB ( <1%) committed,  1 nodes.
             Both:        1.05 GB reserved,      63.75 MB (  6%) committed. 

Chunk freelists:
   Non-Class:  1.20 MB
       Class:  3.01 MB
        Both:  4.21 MB

MaxMetaspaceSize: unlimited
CompressedClassSpaceSize: 1.00 GB
Initial GC threshold: 21.00 MB
Current GC threshold: 106.25 MB
CDS: off
MetaspaceReclaimPolicy: balanced
 - commit_granule_bytes: 65536.
 - commit_granule_words: 8192.
 - virtual_space_node_default_size: 1048576.
 - enlarge_chunks_in_place: 1.
 - new_chunks_are_fully_committed: 0.
 - uncommit_free_chunks: 1.
 - use_allocation_guard: 0.
 - handle_deallocations: 1.


Internal statistics:

num_allocs_failed_limit: 6.
num_arena_births: 878.
num_arena_deaths: 360.
num_vsnodes_births: 8.
num_vsnodes_deaths: 0.
num_space_committed: 1020.
num_space_uncommitted: 0.
num_chunks_returned_to_freelist: 474.
num_chunks_taken_from_freelist: 3010.
num_chunk_merges: 150.
num_chunk_splits: 2002.
num_chunks_enlarged: 1458.
num_purges: 14.
num_inconsistent_stats: 0.

CodeCache: size=49152Kb used=17225Kb max_used=19650Kb free=31926Kb
 bounds [0x000001d3ba390000, 0x000001d3bb6d0000, 0x000001d3bd390000]
 total_blobs=10470 nmethods=9816 adapters=581
 compilation: enabled
              stopped_count=0, restarted_count=0
 full_count=0

Compilation events (20 events):
Event: 886.374 Thread 0x000001d3c316f680 9960       1       org.springframework.ide.vscode.boot.app.SpringSymbolIndex$$Lambda$608/0x00000001004a6150::test (12 bytes)
Event: 886.374 Thread 0x000001d3c316f680 nmethod 9960 0x000001d3ba4d8110 code [0x000001d3ba4d82a0, 0x000001d3ba4d83c8]
Event: 886.374 Thread 0x000001d3c316f680 9961       1       org.springframework.ide.vscode.boot.app.SpringSymbolIndex::lambda$searchMatchingSymbols$29 (54 bytes)
Event: 886.374 Thread 0x000001d3c316f680 nmethod 9961 0x000001d3ba4d7b10 code [0x000001d3ba4d7ce0, 0x000001d3ba4d7f18]
Event: 886.374 Thread 0x000001d3c316f680 9962       1       org.springframework.ide.vscode.boot.app.SpringSymbolIndex$$Lambda$609/0x00000001004a63a0::test (12 bytes)
Event: 886.374 Thread 0x000001d3c316f680 nmethod 9962 0x000001d3ba4d7010 code [0x000001d3ba4d7220, 0x000001d3ba4d77a8]
Event: 886.374 Thread 0x000001d3c316f680 9963       1       org.springframework.ide.vscode.boot.app.SpringSymbolIndex::lambda$searchMatchingSymbols$30 (9 bytes)
Event: 886.374 Thread 0x000001d3c316f680 nmethod 9963 0x000001d3ba4d6590 code [0x000001d3ba4d67a0, 0x000001d3ba4d6cc8]
Event: 886.374 Thread 0x000001d3c316f680 9964       1       org.springframework.ide.vscode.commons.util.StringUtil::containsCharactersCaseInsensitive (18 bytes)
Event: 886.375 Thread 0x000001d3c316f680 nmethod 9964 0x000001d3ba4d5a90 code [0x000001d3ba4d5ca0, 0x000001d3ba4d6268]
Event: 911.296 Thread 0x000001d3c316f680 9965       1       java.io.ObjectStreamClass::getReflector (100 bytes)
Event: 911.296 Thread 0x000001d3c316f680 nmethod 9965 0x000001d3ba4d5290 code [0x000001d3ba4d5480, 0x000001d3ba4d57f8]
Event: 911.296 Thread 0x000001d3c316f680 9968       1       java.io.ObjectStreamClass$FieldReflectorKey::<init> (76 bytes)
Event: 911.297 Thread 0x000001d3c316f680 nmethod 9968 0x000001d3ba4d4a90 code [0x000001d3ba4d4c60, 0x000001d3ba4d5098]
Event: 911.297 Thread 0x000001d3c316f680 9966   !   1       java.io.ObjectOutputStream::defaultWriteFields (288 bytes)
Event: 911.297 Thread 0x000001d3c316f680 nmethod 9966 0x000001d3ba4d3c90 code [0x000001d3ba4d3ec0, 0x000001d3ba4d4598]
Event: 911.297 Thread 0x000001d3c316f680 9967       1       java.io.ObjectStreamClass::checkDefaultSerialize (20 bytes)
Event: 911.297 Thread 0x000001d3c316f680 nmethod 9967 0x000001d3ba4d3710 code [0x000001d3ba4d38c0, 0x000001d3ba4d3af8]
Event: 911.297 Thread 0x000001d3c316f680 9969       1       java.io.ObjectStreamClass::hasWriteObjectMethod (17 bytes)
Event: 911.297 Thread 0x000001d3c316f680 nmethod 9969 0x000001d3ba4d3310 code [0x000001d3ba4d34a0, 0x000001d3ba4d3628]

GC Heap History (20 events):
Event: 836.818 GC heap before
{Heap before GC invocations=90 (full 50):
 garbage-first heap   total 130048K, used 38417K [0x00000000c0000000, 0x0000000100000000)
  region size 1024K, 1 young (1024K), 0 survivors (0K)
 Metaspace       used 64426K, committed 65280K, reserved 1105920K
  class space    used 8998K, committed 9344K, reserved 1048576K
}
Event: 836.859 GC heap after
{Heap after GC invocations=91 (full 51):
 garbage-first heap   total 130048K, used 38417K [0x00000000c0000000, 0x0000000100000000)
  region size 1024K, 0 young (0K), 0 survivors (0K)
 Metaspace       used 64426K, committed 65280K, reserved 1105920K
  class space    used 8998K, committed 9344K, reserved 1048576K
}
Event: 846.989 GC heap before
{Heap before GC invocations=91 (full 51):
 garbage-first heap   total 130048K, used 38417K [0x00000000c0000000, 0x0000000100000000)
  region size 1024K, 1 young (1024K), 0 survivors (0K)
 Metaspace       used 64426K, committed 65280K, reserved 1105920K
  class space    used 8998K, committed 9344K, reserved 1048576K
}
Event: 847.028 GC heap after
{Heap after GC invocations=92 (full 52):
 garbage-first heap   total 130048K, used 38417K [0x00000000c0000000, 0x0000000100000000)
  region size 1024K, 0 young (0K), 0 survivors (0K)
 Metaspace       used 64426K, committed 65280K, reserved 1105920K
  class space    used 8998K, committed 9344K, reserved 1048576K
}
Event: 857.130 GC heap before
{Heap before GC invocations=92 (full 52):
 garbage-first heap   total 130048K, used 38417K [0x00000000c0000000, 0x0000000100000000)
  region size 1024K, 1 young (1024K), 0 survivors (0K)
 Metaspace       used 64426K, committed 65280K, reserved 1105920K
  class space    used 8998K, committed 9344K, reserved 1048576K
}
Event: 857.155 GC heap after
{Heap after GC invocations=93 (full 53):
 garbage-first heap   total 130048K, used 38414K [0x00000000c0000000, 0x0000000100000000)
  region size 1024K, 0 young (0K), 0 survivors (0K)
 Metaspace       used 64426K, committed 65280K, reserved 1105920K
  class space    used 8998K, committed 9344K, reserved 1048576K
}
Event: 867.284 GC heap before
{Heap before GC invocations=93 (full 53):
 garbage-first heap   total 130048K, used 38414K [0x00000000c0000000, 0x0000000100000000)
  region size 1024K, 1 young (1024K), 0 survivors (0K)
 Metaspace       used 64426K, committed 65280K, reserved 1105920K
  class space    used 8998K, committed 9344K, reserved 1048576K
}
Event: 867.314 GC heap after
{Heap after GC invocations=94 (full 54):
 garbage-first heap   total 130048K, used 38414K [0x00000000c0000000, 0x0000000100000000)
  region size 1024K, 0 young (0K), 0 survivors (0K)
 Metaspace       used 64426K, committed 65280K, reserved 1105920K
  class space    used 8998K, committed 9344K, reserved 1048576K
}
Event: 877.449 GC heap before
{Heap before GC invocations=94 (full 54):
 garbage-first heap   total 130048K, used 38414K [0x00000000c0000000, 0x0000000100000000)
  region size 1024K, 1 young (1024K), 0 survivors (0K)
 Metaspace       used 64426K, committed 65280K, reserved 1105920K
  class space    used 8998K, committed 9344K, reserved 1048576K
}
Event: 877.487 GC heap after
{Heap after GC invocations=95 (full 55):
 garbage-first heap   total 130048K, used 38414K [0x00000000c0000000, 0x0000000100000000)
  region size 1024K, 0 young (0K), 0 survivors (0K)
 Metaspace       used 64426K, committed 65280K, reserved 1105920K
  class space    used 8998K, committed 9344K, reserved 1048576K
}
Event: 917.672 GC heap before
{Heap before GC invocations=95 (full 55):
 garbage-first heap   total 130048K, used 38414K [0x00000000c0000000, 0x0000000100000000)
  region size 1024K, 1 young (1024K), 0 survivors (0K)
 Metaspace       used 64437K, committed 65280K, reserved 1105920K
  class space    used 8999K, committed 9344K, reserved 1048576K
}
Event: 917.709 GC heap after
{Heap after GC invocations=96 (full 56):
 garbage-first heap   total 130048K, used 38428K [0x00000000c0000000, 0x0000000100000000)
  region size 1024K, 0 young (0K), 0 survivors (0K)
 Metaspace       used 64437K, committed 65280K, reserved 1105920K
  class space    used 8999K, committed 9344K, reserved 1048576K
}
Event: 927.847 GC heap before
{Heap before GC invocations=96 (full 56):
 garbage-first heap   total 130048K, used 38428K [0x00000000c0000000, 0x0000000100000000)
  region size 1024K, 1 young (1024K), 0 survivors (0K)
 Metaspace       used 64437K, committed 65280K, reserved 1105920K
  class space    used 8999K, committed 9344K, reserved 1048576K
}
Event: 927.876 GC heap after
{Heap after GC invocations=97 (full 57):
 garbage-first heap   total 130048K, used 38428K [0x00000000c0000000, 0x0000000100000000)
  region size 1024K, 0 young (0K), 0 survivors (0K)
 Metaspace       used 64437K, committed 65280K, reserved 1105920K
  class space    used 8999K, committed 9344K, reserved 1048576K
}
Event: 938.018 GC heap before
{Heap before GC invocations=97 (full 57):
 garbage-first heap   total 130048K, used 38428K [0x00000000c0000000, 0x0000000100000000)
  region size 1024K, 1 young (1024K), 0 survivors (0K)
 Metaspace       used 64437K, committed 65280K, reserved 1105920K
  class space    used 8999K, committed 9344K, reserved 1048576K
}
Event: 938.053 GC heap after
{Heap after GC invocations=98 (full 58):
 garbage-first heap   total 130048K, used 38428K [0x00000000c0000000, 0x0000000100000000)
  region size 1024K, 0 young (0K), 0 survivors (0K)
 Metaspace       used 64437K, committed 65280K, reserved 1105920K
  class space    used 8999K, committed 9344K, reserved 1048576K
}
Event: 948.200 GC heap before
{Heap before GC invocations=98 (full 58):
 garbage-first heap   total 130048K, used 38428K [0x00000000c0000000, 0x0000000100000000)
  region size 1024K, 1 young (1024K), 0 survivors (0K)
 Metaspace       used 64437K, committed 65280K, reserved 1105920K
  class space    used 8999K, committed 9344K, reserved 1048576K
}
Event: 948.228 GC heap after
{Heap after GC invocations=99 (full 59):
 garbage-first heap   total 130048K, used 38427K [0x00000000c0000000, 0x0000000100000000)
  region size 1024K, 0 young (0K), 0 survivors (0K)
 Metaspace       used 64437K, committed 65280K, reserved 1105920K
  class space    used 8999K, committed 9344K, reserved 1048576K
}
Event: 958.349 GC heap before
{Heap before GC invocations=99 (full 59):
 garbage-first heap   total 130048K, used 38427K [0x00000000c0000000, 0x0000000100000000)
  region size 1024K, 1 young (1024K), 0 survivors (0K)
 Metaspace       used 64437K, committed 65280K, reserved 1105920K
  class space    used 8999K, committed 9344K, reserved 1048576K
}
Event: 958.383 GC heap after
{Heap after GC invocations=100 (full 60):
 garbage-first heap   total 130048K, used 38427K [0x00000000c0000000, 0x0000000100000000)
  region size 1024K, 0 young (0K), 0 survivors (0K)
 Metaspace       used 64437K, committed 65280K, reserved 1105920K
  class space    used 8999K, committed 9344K, reserved 1048576K
}

Dll operation events (12 events):
Event: 0.012 Loaded shared library c:\Users\davic\.vscode\extensions\redhat.java-1.14.0-win32-x64\jre\17.0.5-win32-x86_64\bin\java.dll
Event: 0.290 Loaded shared library C:\Users\davic\.vscode\extensions\redhat.java-1.14.0-win32-x64\jre\17.0.5-win32-x86_64\bin\net.dll
Event: 0.291 Loaded shared library C:\Users\davic\.vscode\extensions\redhat.java-1.14.0-win32-x64\jre\17.0.5-win32-x86_64\bin\nio.dll
Event: 0.493 Loaded shared library C:\Users\davic\.vscode\extensions\redhat.java-1.14.0-win32-x64\jre\17.0.5-win32-x86_64\bin\zip.dll
Event: 4.268 Loaded shared library C:\Users\davic\.vscode\extensions\redhat.java-1.14.0-win32-x64\jre\17.0.5-win32-x86_64\bin\jimage.dll
Event: 5.219 Loaded shared library c:\Users\davic\.vscode\extensions\redhat.java-1.14.0-win32-x64\jre\17.0.5-win32-x86_64\bin\verify.dll
Event: 9.243 Loaded shared library C:\Users\davic\.vscode\extensions\redhat.java-1.14.0-win32-x64\jre\17.0.5-win32-x86_64\bin\management.dll
Event: 9.248 Loaded shared library C:\Users\davic\.vscode\extensions\redhat.java-1.14.0-win32-x64\jre\17.0.5-win32-x86_64\bin\management_ext.dll
Event: 10.854 Loaded shared library C:\Users\davic\.vscode\extensions\redhat.java-1.14.0-win32-x64\jre\17.0.5-win32-x86_64\bin\attach.dll
Event: 10.887 Loaded shared library C:\Users\davic\.vscode\extensions\redhat.java-1.14.0-win32-x64\jre\17.0.5-win32-x86_64\bin\sunmscapi.dll
Event: 11.217 Loaded shared library C:\Users\davic\.vscode\extensions\redhat.java-1.14.0-win32-x64\jre\17.0.5-win32-x86_64\bin\rmi.dll
Event: 17.247 Loaded shared library C:\Users\davic\AppData\Local\Temp\snappy-1.1.8-a3751e33-f6db-47d6-af1b-293bd2de0939-snappyjava.dll

Deoptimization events (20 events):
Event: 14.970 Thread 0x000001d3c55398b0 DEOPT PACKING pc=0x000001d3bb427bf4 sp=0x0000004cfc3fda40
Event: 14.970 Thread 0x000001d3c55398b0 DEOPT UNPACKING pc=0x000001d3ba3e2b43 sp=0x0000004cfc3fcf70 mode 0
Event: 14.970 Thread 0x000001d3c55398b0 DEOPT PACKING pc=0x000001d3bb44639c sp=0x0000004cfc3fdc70
Event: 14.970 Thread 0x000001d3c55398b0 DEOPT UNPACKING pc=0x000001d3ba3e2b43 sp=0x0000004cfc3fd178 mode 0
Event: 14.970 Thread 0x000001d3c55398b0 DEOPT PACKING pc=0x000001d3bb3dbcf4 sp=0x0000004cfc3fdd60
Event: 14.970 Thread 0x000001d3c55398b0 DEOPT UNPACKING pc=0x000001d3ba3e2b43 sp=0x0000004cfc3fd258 mode 0
Event: 14.970 Thread 0x000001d3c55398b0 DEOPT PACKING pc=0x000001d3bb3985f4 sp=0x0000004cfc3fde30
Event: 14.970 Thread 0x000001d3c55398b0 DEOPT UNPACKING pc=0x000001d3ba3e2b43 sp=0x0000004cfc3fd308 mode 0
Event: 14.970 Thread 0x000001d3c55398b0 DEOPT PACKING pc=0x000001d3bb39a1a4 sp=0x0000004cfc3fdee0
Event: 14.970 Thread 0x000001d3c55398b0 DEOPT UNPACKING pc=0x000001d3ba3e2b43 sp=0x0000004cfc3fd460 mode 0
Event: 14.971 Thread 0x000001d3c55398b0 DEOPT PACKING pc=0x000001d3bb3ed62c sp=0x0000004cfc3fe200
Event: 14.971 Thread 0x000001d3c55398b0 DEOPT UNPACKING pc=0x000001d3ba3e2b43 sp=0x0000004cfc3fd690 mode 0
Event: 17.041 Thread 0x000001d3c5617060 DEOPT PACKING pc=0x000001d3badbcdec sp=0x0000004cfcafdcf0
Event: 17.041 Thread 0x000001d3c5617060 DEOPT UNPACKING pc=0x000001d3ba3e2b43 sp=0x0000004cfcafd240 mode 0
Event: 17.042 Thread 0x000001d3c5617060 DEOPT PACKING pc=0x000001d3badbcdec sp=0x0000004cfcafe020
Event: 17.042 Thread 0x000001d3c5617060 DEOPT UNPACKING pc=0x000001d3ba3e2b43 sp=0x0000004cfcafd570 mode 0
Event: 17.042 Thread 0x000001d3c5617060 DEOPT PACKING pc=0x000001d3badbcdec sp=0x0000004cfcafe320
Event: 17.042 Thread 0x000001d3c5617060 DEOPT UNPACKING pc=0x000001d3ba3e2b43 sp=0x0000004cfcafd870 mode 0
Event: 213.706 Thread 0x000001d3c5342e70 DEOPT PACKING pc=0x000001d3ba724d54 sp=0x0000004cfbdff060
Event: 213.706 Thread 0x000001d3c5342e70 DEOPT UNPACKING pc=0x000001d3ba3e2b43 sp=0x0000004cfbdfe4e8 mode 0

Classes unloaded (20 events):
Event: 140.266 Thread 0x000001d3c311bfa0 Unloading class 0x00000001000c9c00 'java/lang/invoke/LambdaForm$MH+0x00000001000c9c00'
Event: 140.266 Thread 0x000001d3c311bfa0 Unloading class 0x00000001000c9400 'java/lang/invoke/LambdaForm$MH+0x00000001000c9400'
Event: 140.266 Thread 0x000001d3c311bfa0 Unloading class 0x00000001000c8c00 'java/lang/invoke/LambdaForm$MH+0x00000001000c8c00'
Event: 140.266 Thread 0x000001d3c311bfa0 Unloading class 0x00000001000c8400 'java/lang/invoke/LambdaForm$MH+0x00000001000c8400'
Event: 331.719 Thread 0x000001d3c311bfa0 Unloading class 0x0000000100359c00 'jdk/internal/reflect/GeneratedSerializationConstructorAccessor50'
Event: 331.719 Thread 0x000001d3c311bfa0 Unloading class 0x000000010035ac00 'jdk/internal/reflect/GeneratedSerializationConstructorAccessor49'
Event: 331.719 Thread 0x000001d3c311bfa0 Unloading class 0x000000010059d400 'jdk/internal/reflect/GeneratedSerializationConstructorAccessor48'
Event: 331.719 Thread 0x000001d3c311bfa0 Unloading class 0x0000000100601400 'java/lang/invoke/LambdaForm$MH+0x0000000100601400'
Event: 331.719 Thread 0x000001d3c311bfa0 Unloading class 0x0000000100913c00 'java/lang/invoke/LambdaForm$MH+0x0000000100913c00'
Event: 331.719 Thread 0x000001d3c311bfa0 Unloading class 0x0000000100918800 'java/lang/invoke/LambdaForm$MH+0x0000000100918800'
Event: 675.434 Thread 0x000001d3c311bfa0 Unloading class 0x0000000100598c00 'java/lang/invoke/LambdaForm$MH+0x0000000100598c00'
Event: 675.434 Thread 0x000001d3c311bfa0 Unloading class 0x0000000100599800 'java/lang/invoke/LambdaForm$MH+0x0000000100599800'
Event: 675.434 Thread 0x000001d3c311bfa0 Unloading class 0x000000010059ac00 'java/lang/invoke/LambdaForm$MH+0x000000010059ac00'
Event: 675.434 Thread 0x000001d3c311bfa0 Unloading class 0x000000010059b800 'java/lang/invoke/LambdaForm$MH+0x000000010059b800'
Event: 675.434 Thread 0x000001d3c311bfa0 Unloading class 0x00000001000c8400 'jdk/internal/reflect/GeneratedSerializationConstructorAccessor53'
Event: 675.434 Thread 0x000001d3c311bfa0 Unloading class 0x00000001000c8c00 'jdk/internal/reflect/GeneratedSerializationConstructorAccessor52'
Event: 675.434 Thread 0x000001d3c311bfa0 Unloading class 0x00000001000c9400 'jdk/internal/reflect/GeneratedSerializationConstructorAccessor51'
Event: 675.434 Thread 0x000001d3c311bfa0 Unloading class 0x0000000100913c00 'java/lang/invoke/LambdaForm$MH+0x0000000100913c00'
Event: 675.434 Thread 0x000001d3c311bfa0 Unloading class 0x0000000100601400 'java/lang/invoke/LambdaForm$MH+0x0000000100601400'
Event: 675.434 Thread 0x000001d3c311bfa0 Unloading class 0x000000010059d400 'java/lang/invoke/LambdaForm$MH+0x000000010059d400'

Classes redefined (0 events):
No events

Internal exceptions (20 events):
Event: 18.704 Thread 0x000001d3c5617060 Exception <a 'sun/nio/fs/WindowsException'{0x00000000e2b84bb8}> (0x00000000e2b84bb8) 
thrown [s\src\hotspot\share\prims\jni.cpp, line 516]
Event: 18.704 Thread 0x000001d3c5617060 Exception <a 'sun/nio/fs/WindowsException'{0x00000000e2b85b98}> (0x00000000e2b85b98) 
thrown [s\src\hotspot\share\prims\jni.cpp, line 516]
Event: 18.704 Thread 0x000001d3c5617060 Exception <a 'sun/nio/fs/WindowsException'{0x00000000e2b85fb0}> (0x00000000e2b85fb0) 
thrown [s\src\hotspot\share\prims\jni.cpp, line 516]
Event: 18.707 Thread 0x000001d3c5617060 Exception <a 'sun/nio/fs/WindowsException'{0x00000000e2bbd938}> (0x00000000e2bbd938) 
thrown [s\src\hotspot\share\prims\jni.cpp, line 516]
Event: 18.707 Thread 0x000001d3c5617060 Exception <a 'sun/nio/fs/WindowsException'{0x00000000e2bbdd58}> (0x00000000e2bbdd58) 
thrown [s\src\hotspot\share\prims\jni.cpp, line 516]
Event: 18.707 Thread 0x000001d3c5617060 Exception <a 'sun/nio/fs/WindowsException'{0x00000000e2bbf2b8}> (0x00000000e2bbf2b8) 
thrown [s\src\hotspot\share\prims\jni.cpp, line 516]
Event: 18.707 Thread 0x000001d3c5617060 Exception <a 'sun/nio/fs/WindowsException'{0x00000000e2bbf6f8}> (0x00000000e2bbf6f8) 
thrown [s\src\hotspot\share\prims\jni.cpp, line 516]
Event: 18.710 Thread 0x000001d3c5617060 Exception <a 'sun/nio/fs/WindowsException'{0x00000000e2be92d8}> (0x00000000e2be92d8) 
thrown [s\src\hotspot\share\prims\jni.cpp, line 516]
Event: 18.710 Thread 0x000001d3c5617060 Exception <a 'sun/nio/fs/WindowsException'{0x00000000e2be96e8}> (0x00000000e2be96e8) 
thrown [s\src\hotspot\share\prims\jni.cpp, line 516]
Event: 18.710 Thread 0x000001d3c5617060 Exception <a 'sun/nio/fs/WindowsException'{0x00000000e2beac38}> (0x00000000e2beac38) 
thrown [s\src\hotspot\share\prims\jni.cpp, line 516]
Event: 18.710 Thread 0x000001d3c5617060 Exception <a 'sun/nio/fs/WindowsException'{0x00000000e2beb068}> (0x00000000e2beb068) 
thrown [s\src\hotspot\share\prims\jni.cpp, line 516]
Event: 20.367 Thread 0x000001d3c7fdeb50 Exception <a 'java/lang/NoSuchMethodError'{0x00000000e2862050}: static [Ljava/lang/Object;.<clinit>()V> (0x00000000e2862050) 
thrown [s\src\hotspot\share\prims\jni.cpp, line 1107]
Event: 89.246 Thread 0x000001d3c5452140 Exception <a 'java/lang/NoSuchMethodError'{0x00000000e1c9bf88}: 'void java.lang.invoke.DirectMethodHandle$Holder.invokeStatic(java.lang.Object, long)'> (0x00000000e1c9bf88) 
thrown [s\src\hotspot\share\interpreter\linkResolver.cpp, line 759]
Event: 89.247 Thread 0x000001d3c5452140 Exception <a 'java/lang/NoSuchMethodError'{0x00000000e1ca1338}: 'java.lang.Object java.lang.invoke.DirectMethodHandle$Holder.newInvokeSpecial(java.lang.Object, long)'> (0x00000000e1ca1338) 
thrown [s\src\hotspot\share\interpreter\linkResolver.cpp, line 759]
Event: 311.284 Thread 0x000001d3c7fd9980 Exception <a 'java/lang/NoSuchMethodError'{0x00000000c7bf8e38}: static [Ljava/rmi/server/ObjID;.<clinit>()V> (0x00000000c7bf8e38) 
thrown [s\src\hotspot\share\prims\jni.cpp, line 1107]
Event: 311.285 Thread 0x000001d3c7fd9980 Exception <a 'java/lang/NoSuchMethodError'{0x00000000c7a04e80}: static [B.<clinit>()V> (0x00000000c7a04e80) 
thrown [s\src\hotspot\share\prims\jni.cpp, line 1107]
Event: 611.295 Thread 0x000001d3c7fd9980 Exception <a 'java/lang/NoSuchMethodError'{0x00000000c7c87f30}: static [Ljava/rmi/server/ObjID;.<clinit>()V> (0x00000000c7c87f30) 
thrown [s\src\hotspot\share\prims\jni.cpp, line 1107]
Event: 611.296 Thread 0x000001d3c7fd9980 Exception <a 'java/lang/NoSuchMethodError'{0x00000000c7c93b50}: static [B.<clinit>()V> (0x00000000c7c93b50) 
thrown [s\src\hotspot\share\prims\jni.cpp, line 1107]
Event: 911.296 Thread 0x000001d3c7fd9980 Exception <a 'java/lang/NoSuchMethodError'{0x00000000c7ebb428}: static [Ljava/rmi/server/ObjID;.<clinit>()V> (0x00000000c7ebb428) 
thrown [s\src\hotspot\share\prims\jni.cpp, line 1107]
Event: 911.296 Thread 0x000001d3c7fd9980 Exception <a 'java/lang/NoSuchMethodError'{0x00000000c7ec6fe0}: static [B.<clinit>()V> (0x00000000c7ec6fe0) 
thrown [s\src\hotspot\share\prims\jni.cpp, line 1107]

VM Operations (20 events):
Event: 847.028 Executing VM operation: G1CollectFull done
Event: 857.130 Executing VM operation: G1CollectFull
Event: 857.155 Executing VM operation: G1CollectFull done
Event: 867.284 Executing VM operation: G1CollectFull
Event: 867.314 Executing VM operation: G1CollectFull done
Event: 877.449 Executing VM operation: G1CollectFull
Event: 877.487 Executing VM operation: G1CollectFull done
Event: 886.489 Executing VM operation: Cleanup
Event: 886.490 Executing VM operation: Cleanup done
Event: 917.671 Executing VM operation: G1CollectFull
Event: 917.709 Executing VM operation: G1CollectFull done
Event: 927.846 Executing VM operation: G1CollectFull
Event: 927.876 Executing VM operation: G1CollectFull done
Event: 938.018 Executing VM operation: G1CollectFull
Event: 938.053 Executing VM operation: G1CollectFull done
Event: 948.200 Executing VM operation: G1CollectFull
Event: 948.228 Executing VM operation: G1CollectFull done
Event: 958.349 Executing VM operation: G1CollectFull
Event: 958.383 Executing VM operation: G1CollectFull done
Event: 968.420 Executing VM operation: G1CollectFull

Events (20 events):
Event: 623.793 Thread 0x000001d3c7fd8b10 Thread added: 0x000001d3c7fd8b10
Event: 624.783 Thread 0x000001d3c32c0f30 Thread exited: 0x000001d3c32c0f30
Event: 634.219 Thread 0x000001d3c5135a90 Thread exited: 0x000001d3c5135a90
Event: 675.856 Thread 0x000001d3c7fe0360 Thread exited: 0x000001d3c7fe0360
Event: 678.784 Thread 0x000001d3c7fde680 Thread exited: 0x000001d3c7fde680
Event: 683.805 Thread 0x000001d3c7fd8b10 Thread exited: 0x000001d3c7fd8b10
Event: 684.524 Thread 0x000001d3c7fdd810 Thread exited: 0x000001d3c7fdd810
Event: 684.786 Thread 0x000001d3c7fdce70 Thread exited: 0x000001d3c7fdce70
Event: 727.277 Thread 0x000001d3c7fdc9a0 Thread added: 0x000001d3c7fdc9a0
Event: 728.164 Thread 0x000001d3c7fdce70 Thread added: 0x000001d3c7fdce70
Event: 738.798 Thread 0x000001d3c7fdbb30 Thread exited: 0x000001d3c7fdbb30
Event: 740.060 Thread 0x000001d3c7fdbb30 Thread added: 0x000001d3c7fdbb30
Event: 798.798 Thread 0x000001d3c7fdfe90 Thread exited: 0x000001d3c7fdfe90
Event: 800.061 Thread 0x000001d3c7fdc9a0 Thread exited: 0x000001d3c7fdc9a0
Event: 852.343 Thread 0x000001d3c7fdce70 Thread exited: 0x000001d3c7fdce70
Event: 854.515 Thread 0x000001d3c7fdbb30 Thread exited: 0x000001d3c7fdbb30
Event: 858.799 Thread 0x000001d3c7fdb660 Thread exited: 0x000001d3c7fdb660
Event: 886.373 Thread 0x000001d3c7fdf020 Thread added: 0x000001d3c7fdf020
Event: 918.799 Thread 0x000001d3c561aa20 Thread exited: 0x000001d3c561aa20
Event: 946.381 Thread 0x000001d3c7fdf020 Thread exited: 0x000001d3c7fdf020


Dynamic libraries:
0x00007ff6a07e0000 - 0x00007ff6a07ee000 	c:\Users\davic\.vscode\extensions\redhat.java-1.14.0-win32-x64\jre\17.0.5-win32-x86_64\bin\java.exe
0x00007ffe2aa30000 - 0x00007ffe2ac44000 	C:\Windows\SYSTEM32\ntdll.dll
0x00007ffe29f20000 - 0x00007ffe29fe2000 	C:\Windows\System32\KERNEL32.DLL
0x00007ffe281e0000 - 0x00007ffe2857c000 	C:\Windows\System32\KERNELBASE.dll
0x00007ffe28580000 - 0x00007ffe28691000 	C:\Windows\System32\ucrtbase.dll
0x00007ffe00400000 - 0x00007ffe00417000 	c:\Users\davic\.vscode\extensions\redhat.java-1.14.0-win32-x64\jre\17.0.5-win32-x86_64\bin\jli.dll
0x00007ffdfecc0000 - 0x00007ffdfecd9000 	c:\Users\davic\.vscode\extensions\redhat.java-1.14.0-win32-x64\jre\17.0.5-win32-x86_64\bin\VCRUNTIME140.dll
0x00007ffe28cf0000 - 0x00007ffe28e9b000 	C:\Windows\System32\USER32.dll
0x00007ffe28810000 - 0x00007ffe28836000 	C:\Windows\System32\win32u.dll
0x00007ffe2a8a0000 - 0x00007ffe2a8c9000 	C:\Windows\System32\GDI32.dll
0x00007ffe27080000 - 0x00007ffe2730e000 	C:\Windows\WinSxS\amd64_microsoft.windows.common-controls_6595b64144ccf1df_6.0.22621.317_none_a9434687c10c9fa2\COMCTL32.dll
0x00007ffe28000000 - 0x00007ffe28112000 	C:\Windows\System32\gdi32full.dll
0x00007ffe29ce0000 - 0x00007ffe29d87000 	C:\Windows\System32\msvcrt.dll
0x00007ffe27f60000 - 0x00007ffe27ffa000 	C:\Windows\System32\msvcp_win.dll
0x00007ffe2a860000 - 0x00007ffe2a891000 	C:\Windows\System32\IMM32.DLL
0x00007ffe06c20000 - 0x00007ffe06c2c000 	c:\Users\davic\.vscode\extensions\redhat.java-1.14.0-win32-x64\jre\17.0.5-win32-x86_64\bin\vcruntime140_1.dll
0x00007ffd582a0000 - 0x00007ffd58331000 	c:\Users\davic\.vscode\extensions\redhat.java-1.14.0-win32-x64\jre\17.0.5-win32-x86_64\bin\msvcp140.dll
0x00007ffd3bf90000 - 0x00007ffd3cbd4000 	c:\Users\davic\.vscode\extensions\redhat.java-1.14.0-win32-x64\jre\17.0.5-win32-x86_64\bin\server\jvm.dll
0x00007ffe2a7b0000 - 0x00007ffe2a85e000 	C:\Windows\System32\ADVAPI32.dll
0x00007ffe2a270000 - 0x00007ffe2a314000 	C:\Windows\System32\sechost.dll
0x00007ffe2a8d0000 - 0x00007ffe2a9e5000 	C:\Windows\System32\RPCRT4.dll
0x00007ffe0a040000 - 0x00007ffe0a049000 	C:\Windows\SYSTEM32\WSOCK32.dll
0x00007ffe20780000 - 0x00007ffe207b4000 	C:\Windows\SYSTEM32\WINMM.dll
0x00007ffe29a50000 - 0x00007ffe29ac1000 	C:\Windows\System32\WS2_32.dll
0x00007ffe24760000 - 0x00007ffe2476a000 	C:\Windows\SYSTEM32\VERSION.dll
0x00007ffe261b0000 - 0x00007ffe261c8000 	C:\Windows\SYSTEM32\kernel.appcore.dll
0x00007ffe00880000 - 0x00007ffe0088a000 	c:\Users\davic\.vscode\extensions\redhat.java-1.14.0-win32-x64\jre\17.0.5-win32-x86_64\bin\jimage.dll
0x00007ffe277f0000 - 0x00007ffe27a1e000 	C:\Windows\SYSTEM32\DBGHELP.DLL
0x00007ffe2a330000 - 0x00007ffe2a6b9000 	C:\Windows\System32\combase.dll
0x00007ffe2a6d0000 - 0x00007ffe2a7a7000 	C:\Windows\System32\OLEAUT32.dll
0x00007ffe274d0000 - 0x00007ffe27502000 	C:\Windows\SYSTEM32\dbgcore.DLL
0x00007ffe27ee0000 - 0x00007ffe27f5b000 	C:\Windows\System32\bcryptPrimitives.dll
0x00007ffdfeb00000 - 0x00007ffdfeb25000 	c:\Users\davic\.vscode\extensions\redhat.java-1.14.0-win32-x64\jre\17.0.5-win32-x86_64\bin\java.dll
0x00007ffdfeae0000 - 0x00007ffdfeaf8000 	c:\Users\davic\.vscode\extensions\redhat.java-1.14.0-win32-x64\jre\17.0.5-win32-x86_64\bin\zip.dll
0x00007ffe28fb0000 - 0x00007ffe2978b000 	C:\Windows\System32\SHELL32.dll
0x00007ffe25120000 - 0x00007ffe259d5000 	C:\Windows\SYSTEM32\windows.storage.dll
0x00007ffe24fe0000 - 0x00007ffe2511d000 	C:\Windows\SYSTEM32\wintypes.dll
0x00007ffe29e20000 - 0x00007ffe29f11000 	C:\Windows\System32\SHCORE.dll
0x00007ffe2a0f0000 - 0x00007ffe2a14e000 	C:\Windows\System32\shlwapi.dll
0x00007ffe27da0000 - 0x00007ffe27dc1000 	C:\Windows\SYSTEM32\profapi.dll
0x00007ffe0d460000 - 0x00007ffe0d479000 	C:\Users\davic\.vscode\extensions\redhat.java-1.14.0-win32-x64\jre\17.0.5-win32-x86_64\bin\net.dll
0x00007ffe204e0000 - 0x00007ffe2060f000 	C:\Windows\SYSTEM32\WINHTTP.dll
0x00007ffe26cd0000 - 0x00007ffe26d39000 	C:\Windows\system32\mswsock.dll
0x00007ffe08150000 - 0x00007ffe08165000 	C:\Users\davic\.vscode\extensions\redhat.java-1.14.0-win32-x64\jre\17.0.5-win32-x86_64\bin\nio.dll
0x00007ffe08140000 - 0x00007ffe08150000 	c:\Users\davic\.vscode\extensions\redhat.java-1.14.0-win32-x64\jre\17.0.5-win32-x86_64\bin\verify.dll
0x00007ffe27b10000 - 0x00007ffe27b2b000 	C:\Windows\SYSTEM32\CRYPTSP.dll
0x00007ffe26120000 - 0x00007ffe26155000 	C:\Windows\system32\rsaenh.dll
0x00007ffe26f30000 - 0x00007ffe26f58000 	C:\Windows\SYSTEM32\USERENV.dll
0x00007ffe27770000 - 0x00007ffe27798000 	C:\Windows\SYSTEM32\bcrypt.dll
0x00007ffe26f60000 - 0x00007ffe26f6c000 	C:\Windows\SYSTEM32\CRYPTBASE.dll
0x00007ffe25ca0000 - 0x00007ffe25ccd000 	C:\Windows\SYSTEM32\IPHLPAPI.DLL
0x00007ffe28f50000 - 0x00007ffe28f59000 	C:\Windows\System32\NSI.dll
0x00007ffe207d0000 - 0x00007ffe207e9000 	C:\Windows\SYSTEM32\dhcpcsvc6.DLL
0x00007ffe20470000 - 0x00007ffe2048f000 	C:\Windows\SYSTEM32\dhcpcsvc.DLL
0x00007ffe25d10000 - 0x00007ffe25e02000 	C:\Windows\SYSTEM32\DNSAPI.dll
0x00007ffe03130000 - 0x00007ffe03139000 	C:\Users\davic\.vscode\extensions\redhat.java-1.14.0-win32-x64\jre\17.0.5-win32-x86_64\bin\management.dll
0x00007ffe03120000 - 0x00007ffe0312b000 	C:\Users\davic\.vscode\extensions\redhat.java-1.14.0-win32-x64\jre\17.0.5-win32-x86_64\bin\management_ext.dll
0x00007ffe2a6c0000 - 0x00007ffe2a6c8000 	C:\Windows\System32\PSAPI.DLL
0x00007ffe03110000 - 0x00007ffe03119000 	C:\Users\davic\.vscode\extensions\redhat.java-1.14.0-win32-x64\jre\17.0.5-win32-x86_64\bin\attach.dll
0x00007ffe030b0000 - 0x00007ffe030be000 	C:\Users\davic\.vscode\extensions\redhat.java-1.14.0-win32-x64\jre\17.0.5-win32-x86_64\bin\sunmscapi.dll
0x00007ffe286a0000 - 0x00007ffe28806000 	C:\Windows\System32\CRYPT32.dll
0x00007ffe27370000 - 0x00007ffe2739d000 	C:\Windows\SYSTEM32\ncrypt.dll
0x00007ffe27310000 - 0x00007ffe27347000 	C:\Windows\SYSTEM32\NTASN1.dll
0x00007ffe207c0000 - 0x00007ffe207ca000 	C:\Windows\System32\rasadhlp.dll
0x00007ffe1f2c0000 - 0x00007ffe1f343000 	C:\Windows\System32\fwpuclnt.dll
0x00007ffe0dfd0000 - 0x00007ffe0dfe7000 	C:\Windows\system32\napinsp.dll
0x00007ffe0dfb0000 - 0x00007ffe0dfcb000 	C:\Windows\system32\pnrpnsp.dll
0x00007ffe0df90000 - 0x00007ffe0dfa1000 	C:\Windows\System32\winrnr.dll
0x00007ffe0dec0000 - 0x00007ffe0ded5000 	C:\Windows\system32\wshbth.dll
0x00007ffe0dd00000 - 0x00007ffe0dd21000 	C:\Windows\system32\nlansp_c.dll
0x00007ffe03100000 - 0x00007ffe03107000 	C:\Users\davic\.vscode\extensions\redhat.java-1.14.0-win32-x64\jre\17.0.5-win32-x86_64\bin\rmi.dll
0x000000006c500000 - 0x000000006c5c7000 	C:\Users\davic\AppData\Local\Temp\snappy-1.1.8-a3751e33-f6db-47d6-af1b-293bd2de0939-snappyjava.dll

dbghelp: loaded successfully - version: 4.0.5 - missing functions: none
symbol engine: initialized successfully - sym options: 0x614 - pdb path: .;c:\Users\davic\.vscode\extensions\redhat.java-1.14.0-win32-x64\jre\17.0.5-win32-x86_64\bin;C:\Windows\SYSTEM32;C:\Windows\WinSxS\amd64_microsoft.windows.common-controls_6595b64144ccf1df_6.0.22621.317_none_a9434687c10c9fa2;c:\Users\davic\.vscode\extensions\redhat.java-1.14.0-win32-x64\jre\17.0.5-win32-x86_64\bin\server;C:\Users\davic\AppData\Local\Temp

VM Arguments:
jvm_args: -XX:+HeapDumpOnOutOfMemoryError -Xmx1024m -Dsts.lsp.client=vscode -Dsts.log.file=/dev/null -XX:TieredStopAtLevel=1 -Xlog:jni+resolve=off -Dspring.config.location=file:c:\Users\davic\.vscode\extensions\vmware.vscode-spring-boot-1.44.0\language-server\BOOT-INF\classes\application.properties 
java_command: org.springframework.ide.vscode.boot.app.BootLanguageServerBootApp
java_class_path (initial): c:\Users\davic\.vscode\extensions\vmware.vscode-spring-boot-1.44.0\language-server\BOOT-INF\classes;c:\Users\davic\.vscode\extensions\vmware.vscode-spring-boot-1.44.0\language-server\BOOT-INF\lib\annotations-24.0.0.jar;c:\Users\davic\.vscode\extensions\vmware.vscode-spring-boot-1.44.0\language-server\BOOT-INF\lib\ant-1.10.13.jar;c:\Users\davic\.vscode\extensions\vmware.vscode-spring-boot-1.44.0\language-server\BOOT-INF\lib\ant-launcher-1.10.13.jar;c:\Users\davic\.vscode\extensions\vmware.vscode-spring-boot-1.44.0\language-server\BOOT-INF\lib\antlr-runtime-3.5.2.jar;c:\Users\davic\.vscode\extensions\vmware.vscode-spring-boot-1.44.0\language-server\BOOT-INF\lib\antlr4-4.9.3.jar;c:\Users\davic\.vscode\extensions\vmware.vscode-spring-boot-1.44.0\language-server\BOOT-INF\lib\antlr4-runtime-4.9.3.jar;c:\Users\davic\.vscode\extensions\vmware.vscode-spring-boot-1.44.0\language-server\BOOT-INF\lib\apiguardian-api-1.1.2.jar;c:\Users\davic\.vscode\extensions\vmware.vscode-spring-boot-1.44.0\language-server\BOOT-INF\lib\asm-9.4.jar;c:\Users\davic\.vscode\extensions\vmware.vscode-spring-boot-1.44.0\language-server\BOOT-INF\lib\asm-analysis-9.4.jar;c:\Users\davic\.vscode\extensions\vmware.vscode-spring-boot-1.44.0\language-server\BOOT-INF\lib\asm-tree-9.4.jar;c:\Users\davic\.vscode\extensions\vmware.vscode-spring-boot-1.44.0\language-server\BOOT-INF\lib\asm-util-9.4.jar;c:\Users\davic\.vscode\extensions\vmware.vscode-spring-boot-1.44.0\language-server\BOOT-INF\lib\caffeine-3.1.2.jar;c:\Users\davic\.vscode\extensions\vmware.vscode-spring-boot-1.44.0\language-server\BOOT-INF\lib\checker-qual-3.12.0.jar;c:\Users\davic\.vscode\extensions\vmware.vscode-spring-boot-1.44.0\language-server\BOOT-INF\lib\ci-environment-9.1.0.jar;c:\Users\davic\.vscode\extensions\vmware.vscode-spring-boot-1.44.0\language-server\BOOT-INF\lib\classgraph-4.8.149.jar;c:\Users\davic\.vscode\extensions\vmware.vscode-spring-boot-1.44.0\language-server\BOOT-INF\lib\commons-codec-1.15.ja
Launcher Type: SUN_STANDARD

[Global flags]
     intx CICompilerCount                          = 12                                        {product} {ergonomic}
     uint ConcGCThreads                            = 3                                         {product} {ergonomic}
     uint G1ConcRefinementThreads                  = 13                                        {product} {ergonomic}
   size_t G1HeapRegionSize                         = 1048576                                   {product} {ergonomic}
    uintx GCDrainStackTargetSize                   = 64                                        {product} {ergonomic}
     bool HeapDumpOnOutOfMemoryError               = true                                   {manageable} {command line}
   size_t InitialHeapSize                          = 536870912                                 {product} {ergonomic}
   size_t MarkStackSize                            = 4194304                                   {product} {ergonomic}
   size_t MaxHeapSize                              = 1073741824                                {product} {command line}
   size_t MaxNewSize                               = 643825664                                 {product} {ergonomic}
   size_t MinHeapDeltaBytes                        = 1048576                                   {product} {ergonomic}
   size_t MinHeapSize                              = 8388608                                   {product} {ergonomic}
    uintx NonProfiledCodeHeapSize                  = 0                                      {pd product} {ergonomic}
     bool ProfileInterpreter                       = false                                  {pd product} {command line}
    uintx ProfiledCodeHeapSize                     = 0                                      {pd product} {ergonomic}
   size_t SoftMaxHeapSize                          = 1073741824                             {manageable} {ergonomic}
     intx TieredStopAtLevel                        = 1                                         {product} {command line}
     bool UseCompressedClassPointers               = true                           {product lp64_product} {ergonomic}
     bool UseCompressedOops                        = true                           {product lp64_product} {ergonomic}
     bool UseG1GC                                  = true                                      {product} {ergonomic}
     bool UseLargePagesIndividualAllocation        = false                                  {pd product} {ergonomic}

Logging:
Log output configuration:
 #0: stdout all=warning,jni+resolve=off uptime,level,tags
 #1: stderr all=off uptime,level,tags

Environment Variables:
JAVA_HOME=C:\Users\davic\AppData\Local\Programs\Eclipse Adoptium\jdk-17.0.6.10-hotspot\
PATH=C:\Program Files\NVIDIA GPU Computing Toolkit\CUDA\v10.1\bin;C:\Program Files\NVIDIA GPU Computing Toolkit\CUDA\v10.1\libnvvp;C:\Program Files\NVIDIA GPU Computing Toolkit\CUDA\v12.0\bin;C:\Program Files\NVIDIA GPU Computing Toolkit\CUDA\v12.0\libnvvp;C:\Windows\system32;C:\Windows;C:\Windows\System32\Wbem;C:\Windows\System32\WindowsPowerShell\v1.0\;C:\Windows\System32\OpenSSH\;C:\Program Files (x86)\NVIDIA Corporation\PhysX\Common;C:\Program Files\Git\cmd;C:\Program Files\NVIDIA Corporation\Nsight Compute 2019.1\;C:\Program Files\MySQL\MySQL Shell 8.0\bin\;C:\Users\davic\AppData\Local\Programs\Eclipse Adoptium\jdk-17.0.6.10-hotspot\bin;C:\Users\davic\AppData\Local\Microsoft\WindowsApps;;C:\Users\davic\AppData\Local\Programs\Microsoft VS Code\bin
USERNAME=davic
OS=Windows_NT
PROCESSOR_IDENTIFIER=AMD64 Family 23 Model 113 Stepping 0, AuthenticAMD
TMP=C:\Users\davic\AppData\Local\Temp
TEMP=C:\Users\davic\AppData\Local\Temp



---------------  S Y S T E M  ---------------

OS:
 Windows 11 , 64 bit Build 22621 (10.0.22621.457)
OS uptime: 1 days 4:34 hours

CPU: total 16 (initial active 16) (16 cores per cpu, 2 threads per core) family 23 model 113 stepping 0 microcode 0x0, cx8, cmov, fxsr, ht, mmx, 3dnowpref, sse, sse2, sse3, ssse3, sse4a, sse4.1, sse4.2, popcnt, lzcnt, tsc, tscinvbit, avx, avx2, aes, clmul, bmi1, bmi2, adx, sha, fma, vzeroupper, clflush, clflushopt

Memory: 4k page, system-wide physical 32691M (17529M free)
TotalPageFile size 61215M (AvailPageFile size 10M)
current process WorkingSet (physical memory assigned to process): 323M, peak: 809M
current process commit charge ("private bytes"): 331M, peak: 838M

vm_info: OpenJDK 64-Bit Server VM (17.0.5+8) for windows-amd64 JRE (17.0.5+8), built on Oct 19 2022 04:48:13 by "temurin" with MS VC++ 16.7 (VS2019)

END.
