#
# A fatal error has been detected by the Java Runtime Environment:
#
#  EXCEPTION_ACCESS_VIOLATION (0xc0000005) at pc=0x00007ff974bae317, pid=11968, tid=7560
#
# JRE version: OpenJDK Runtime Environment Temurin-17.0.5+8 (17.0.5+8) (build 17.0.5+8)
# Java VM: OpenJDK 64-Bit Server VM Temurin-17.0.5+8 (17.0.5+8, mixed mode, tiered, compressed oops, compressed class ptrs, parallel gc, windows-amd64)
# Problematic frame:
# V  [jvm.dll+0x57e317]
#
# No core dump will be written. Minidumps are not enabled by default on client versions of Windows
#
# If you would like to submit a bug report, please visit:
#   https://github.com/adoptium/adoptium-support/issues
#

---------------  S U M M A R Y ------------

Command Line: --add-modules=ALL-SYSTEM --add-opens=java.base/java.util=ALL-UNNAMED --add-opens=java.base/java.lang=ALL-UNNAMED --add-opens=java.base/sun.nio.fs=ALL-UNNAMED -Declipse.application=org.eclipse.jdt.ls.core.id1 -Dosgi.bundles.defaultStartLevel=4 -Declipse.product=org.eclipse.jdt.ls.core.product -Djava.import.generatesMetadataFilesAtProjectRoot=false -Dfile.encoding=utf8 -XX:+UseParallelGC -XX:GCTimeRatio=4 -XX:AdaptiveSizePolicyWeight=90 -Dsun.zip.disableMemoryMapping=true -Xmx1G -Xms100m -Xlog:disable -javaagent:c:\Users\davic\.vscode\extensions\redhat.java-1.14.0-win32-x64\lombok\lombok-1.18.24.jar -XX:+HeapDumpOnOutOfMemoryError -XX:HeapDumpPath=c:\Users\davic\AppData\Roaming\Code\User\workspaceStorage\34fb0953a6f34b990d3e58c3780b5e3c\redhat.java c:\Users\davic\.vscode\extensions\redhat.java-1.14.0-win32-x64\server\plugins\org.eclipse.equinox.launcher_1.6.400.v20210924-0641.jar -configuration c:\Users\davic\AppData\Roaming\Code\User\globalStorage\redhat.java\1.14.0\config_win -data c:\Users\davic\AppData\Roaming\Code\User\workspaceStorage\34fb0953a6f34b990d3e58c3780b5e3c\redhat.java\jdt_ws

Host: AMD Ryzen 7 3700X 8-Core Processor             , 16 cores, 31G,  Windows 11 , 64 bit Build 22621 (10.0.22621.1105)
Time: Tue Jan 31 12:16:50 2023 Hora estándar de Argentina elapsed time: 0.536058 seconds (0d 0h 0m 0s)

---------------  T H R E A D  ---------------

Current thread (0x000001f1eb994150):  JavaThread "C2 CompilerThread5" daemon [_thread_in_native, id=7560, stack(0x000000c0dc500000,0x000000c0dc600000)]


Current CompileTask:
C2:    536 1194   !   4       lombok.patcher.ScriptManager$OurClassFileTransformer::transform (364 bytes)

Stack: [0x000000c0dc500000,0x000000c0dc600000],  sp=0x000000c0dc5fa9f0,  free space=1002k
Native frames: (J=compiled Java code, j=interpreted, Vv=VM code, C=native code)
V  [jvm.dll+0x57e317]
V  [jvm.dll+0x57d827]
V  [jvm.dll+0x21fd72]
V  [jvm.dll+0x219744]
V  [jvm.dll+0x216e6b]
V  [jvm.dll+0x1a343d]
V  [jvm.dll+0x22698a]
V  [jvm.dll+0x224ac5]
V  [jvm.dll+0x7e727b]
V  [jvm.dll+0x7e17ea]
V  [jvm.dll+0x6759e5]
C  [ucrtbase.dll+0x29363]
C  [KERNEL32.DLL+0x126bd]
C  [ntdll.dll+0x5dfb8]


siginfo: EXCEPTION_ACCESS_VIOLATION (0xc0000005), reading address 0xffffffffffffffff


Register to memory mapping:

RIP=0x00007ff974bae317 jvm.dll
RAX=0x000001f1eb5ad798 points into unknown readable memory: 0x000801f1eb5ad078 | 78 d0 5a eb f1 01 08 00
RBX=0x000801f1eb5ad078 is an unknown value
RCX=0x0 is NULL
RDX=0x000801f1eb5ad079 is an unknown value
RSP=0x000000c0dc5fa9f0 is pointing into the stack for thread: 0x000001f1eb994150
RBP=0x000000c0dc5fadd0 is pointing into the stack for thread: 0x000001f1eb994150
RSI=0x0000000000000003 is an unknown value
RDI=0x000000c0dc5faac0 is pointing into the stack for thread: 0x000001f1eb994150
R8 =0x0000000000000010 is an unknown value
R9 =0x0000000000000010 is an unknown value
R10=0x000001f1eb54fc10 points into unknown readable memory: 0x000001f1ebb606e8 | e8 06 b6 eb f1 01 00 00
R11=0x000001f1eb550090 points into unknown readable memory: 0x000001f1e96738c8 | c8 38 67 e9 f1 01 00 00
R12=0x0000000000000001 is an unknown value
R13=0x000000c0dc5faa80 is pointing into the stack for thread: 0x000001f1eb994150
R14=0x000001f1eb5ad740 points into unknown readable memory: 0x00007ff974f43598 | 98 35 f4 74 f9 7f 00 00
R15=0x000000c0dc5faaa0 is pointing into the stack for thread: 0x000001f1eb994150


Registers:
RAX=0x000001f1eb5ad798, RBX=0x000801f1eb5ad078, RCX=0x0000000000000000, RDX=0x000801f1eb5ad079
RSP=0x000000c0dc5fa9f0, RBP=0x000000c0dc5fadd0, RSI=0x0000000000000003, RDI=0x000000c0dc5faac0
R8 =0x0000000000000010, R9 =0x0000000000000010, R10=0x000001f1eb54fc10, R11=0x000001f1eb550090
R12=0x0000000000000001, R13=0x000000c0dc5faa80, R14=0x000001f1eb5ad740, R15=0x000000c0dc5faaa0
RIP=0x00007ff974bae317, EFLAGS=0x0000000000010206

Top of Stack: (sp=0x000000c0dc5fa9f0)
0x000000c0dc5fa9f0:   000001f1ebb5f9b8 000000c0dc5fadd0
0x000000c0dc5faa00:   000000c0dc5faac0 00007ff974e4abee
0x000000c0dc5faa10:   000001f1eb55eb80 000001f1d3c11490
0x000000c0dc5faa20:   0000000000000000 0000000000000001
0x000000c0dc5faa30:   000001f1eb55eb50 0000000000018300
0x000000c0dc5faa40:   000000c0dc5fab50 00007ff974bad827
0x000000c0dc5faa50:   000000c0dc5fadd0 000000c0dc5faaa0
0x000000c0dc5faa60:   000001f100000003 000000c0dc5faac0
0x000000c0dc5faa70:   000001f1d18b0000 000001f1d18b0000
0x000000c0dc5faa80:   000001f1e9600030 0000000000000080
0x000000c0dc5faa90:   000001f1eb54fe90 000000000000004e
0x000000c0dc5faaa0:   0000000000000080 000001f1eb54fc90
0x000000c0dc5faab0:   000001f100000080 000001f1e9600030
0x000000c0dc5faac0:   000001f1eb54d3a0 000001f1eb54fb50
0x000000c0dc5faad0:   000001f1eb54d3b0 000001f1e9600030
0x000000c0dc5faae0:   000001f1e9600030 000000c000000004 

Instructions: (pc=0x00007ff974bae317)
0x00007ff974bae217:   00 00 4d 8b 09 4d 85 c9 74 37 49 8b 49 68 48 85
0x00007ff974bae227:   c9 74 26 8b 51 18 33 c0 85 d2 74 1d 4c 8b 41 10
0x00007ff974bae237:   66 0f 1f 84 00 00 00 00 00 4d 3b 34 c0 0f 84 9e
0x00007ff974bae247:   00 00 00 ff c0 3b c2 72 f0 4d 8b 09 4d 85 c9 75
0x00007ff974bae257:   c9 49 8b 46 08 49 8b d6 48 8b cd 48 8b 30 4c 8b
0x00007ff974bae267:   c6 e8 93 da fe ff 48 8b 4f 60 48 85 c9 74 08 49
0x00007ff974bae277:   8b d6 e8 92 75 0d 00 8b 7e 28 8b df c1 eb 05 41
0x00007ff974bae287:   3b 1f 72 0a 8b d3 49 8b cf e8 eb c8 29 00 49 8b
0x00007ff974bae297:   47 08 83 e7 1f 48 8d 14 98 40 0f b6 cf 41 b8 01
0x00007ff974bae2a7:   00 00 00 41 d3 e0 8b 0a 8b c1 41 0b c0 89 02 41
0x00007ff974bae2b7:   85 c8 75 23 41 8b 5d 18 8d 43 01 41 89 45 18 41
0x00007ff974bae2c7:   3b 5d 08 72 0a 8b d3 49 8b cd e8 5a 5c 0d 00 49
0x00007ff974bae2d7:   8b 45 10 48 89 34 d8 8b 74 24 70 44 8d 66 01 eb
0x00007ff974bae2e7:   04 8b 74 24 70 44 3b e6 0f 83 f8 00 00 00 66 66
0x00007ff974bae2f7:   66 0f 1f 84 00 00 00 00 00 49 8b 46 08 41 8b cc
0x00007ff974bae307:   41 ff c4 48 8b 1c c8 48 85 db 0f 84 cb 00 00 00
0x00007ff974bae317:   48 8b 03 48 8b cb ff 90 a8 00 00 00 84 c0 74 38
0x00007ff974bae327:   48 8b 03 48 8b cb ff 50 10 84 c0 75 2b 48 8b 43
0x00007ff974bae337:   08 8b 7b 28 4c 8b 38 3b 7d 28 72 0b 8b d7 48 8d
0x00007ff974bae347:   4d 20 e8 e2 5b 0d 00 48 8b 45 30 49 8d 57 01 4c
0x00007ff974bae357:   8b 7c 24 68 48 89 14 f8 8b 73 28 8b fe c1 ef 05
0x00007ff974bae367:   41 3b 3f 72 0a 8b d7 49 8b cf e8 0a c8 29 00 49
0x00007ff974bae377:   8b 47 08 83 e6 1f 44 8b 0c b8 48 8d 14 b8 41 8b
0x00007ff974bae387:   c1 41 b8 01 00 00 00 40 0f b6 ce 41 d3 e0 41 0b
0x00007ff974bae397:   c0 45 23 c8 89 02 8b 43 28 3b 45 28 0f 83 d2 00
0x00007ff974bae3a7:   00 00 8b c8 48 8b 45 30 48 83 3c c8 00 0f 84 c1
0x00007ff974bae3b7:   00 00 00 45 85 c9 75 23 41 8b 7d 18 8d 47 01 41
0x00007ff974bae3c7:   89 45 18 41 3b 7d 08 72 0a 8b d7 49 8b cd e8 56
0x00007ff974bae3d7:   5b 0d 00 49 8b 45 10 48 89 1c f8 44 3b 64 24 70
0x00007ff974bae3e7:   0f 82 13 ff ff ff 41 8b 46 28 3b 45 28 73 0d 8b
0x00007ff974bae3f7:   c8 48 8b 45 30 48 83 3c c8 00 75 57 49 8b d6 48
0x00007ff974bae407:   8b cd e8 e2 38 00 00 41 8b 5e 28 48 8b f0 3b 5d 


Stack slot to memory mapping:
stack at sp + 0 slots: 0x000001f1ebb5f9b8 points into unknown readable memory: 0x00007ff974f6f728 | 28 f7 f6 74 f9 7f 00 00
stack at sp + 1 slots: 0x000000c0dc5fadd0 is pointing into the stack for thread: 0x000001f1eb994150
stack at sp + 2 slots: 0x000000c0dc5faac0 is pointing into the stack for thread: 0x000001f1eb994150
stack at sp + 3 slots: 0x00007ff974e4abee jvm.dll
stack at sp + 4 slots: 0x000001f1eb55eb80 points into unknown readable memory: 0x8000000900000001 | 01 00 00 00 09 00 00 80
stack at sp + 5 slots: 0x000001f1d3c11490 points into unknown readable memory: 0x00007ff974f5aee0 | e0 ae f5 74 f9 7f 00 00
stack at sp + 6 slots: 0x0 is NULL
stack at sp + 7 slots: 0x0000000000000001 is an unknown value


---------------  P R O C E S S  ---------------

Threads class SMR info:
_java_thread_list=0x000001f1eb6ee420, length=20, elements={
0x000001f1d3bfc380, 0x000001f1d3cbce00, 0x000001f1d3cbe480, 0x000001f1e7a7e960,
0x000001f1e9606840, 0x000001f1e96078a0, 0x000001f1e9608160, 0x000001f1e960b5b0,
0x000001f1e960c700, 0x000001f1e9611650, 0x000001f1d3c5f410, 0x000001f1e979ca10,
0x000001f1e97927d0, 0x000001f1e9792ce0, 0x000001f1e990dc40, 0x000001f1e990e560,
0x000001f1e9906db0, 0x000001f1ebcaca20, 0x000001f1eba630d0, 0x000001f1eb994150
}

Java Threads: ( => current thread )
  0x000001f1d3bfc380 JavaThread "main" [_thread_in_vm, id=7324, stack(0x000000c0daf00000,0x000000c0db000000)]
  0x000001f1d3cbce00 JavaThread "Reference Handler" daemon [_thread_blocked, id=5292, stack(0x000000c0db200000,0x000000c0db300000)]
  0x000001f1d3cbe480 JavaThread "Finalizer" daemon [_thread_blocked, id=9312, stack(0x000000c0db300000,0x000000c0db400000)]
  0x000001f1e7a7e960 JavaThread "Signal Dispatcher" daemon [_thread_blocked, id=7784, stack(0x000000c0db400000,0x000000c0db500000)]
  0x000001f1e9606840 JavaThread "Attach Listener" daemon [_thread_blocked, id=8920, stack(0x000000c0db500000,0x000000c0db600000)]
  0x000001f1e96078a0 JavaThread "Service Thread" daemon [_thread_blocked, id=6024, stack(0x000000c0db600000,0x000000c0db700000)]
  0x000001f1e9608160 JavaThread "Monitor Deflation Thread" daemon [_thread_blocked, id=2056, stack(0x000000c0db700000,0x000000c0db800000)]
  0x000001f1e960b5b0 JavaThread "C2 CompilerThread0" daemon [_thread_blocked, id=8112, stack(0x000000c0db800000,0x000000c0db900000)]
  0x000001f1e960c700 JavaThread "C1 CompilerThread0" daemon [_thread_blocked, id=7420, stack(0x000000c0db900000,0x000000c0dba00000)]
  0x000001f1e9611650 JavaThread "Sweeper thread" daemon [_thread_blocked, id=2680, stack(0x000000c0dba00000,0x000000c0dbb00000)]
  0x000001f1d3c5f410 JavaThread "Common-Cleaner" daemon [_thread_blocked, id=2224, stack(0x000000c0dbb00000,0x000000c0dbc00000)]
  0x000001f1e979ca10 JavaThread "C1 CompilerThread1" daemon [_thread_blocked, id=10852, stack(0x000000c0dbc00000,0x000000c0dbd00000)]
  0x000001f1e97927d0 JavaThread "C2 CompilerThread1" daemon [_thread_blocked, id=292, stack(0x000000c0dbd00000,0x000000c0dbe00000)]
  0x000001f1e9792ce0 JavaThread "C2 CompilerThread2" daemon [_thread_blocked, id=10340, stack(0x000000c0dbe00000,0x000000c0dbf00000)]
  0x000001f1e990dc40 JavaThread "C1 CompilerThread2" daemon [_thread_blocked, id=11900, stack(0x000000c0dbf00000,0x000000c0dc000000)]
  0x000001f1e990e560 JavaThread "C1 CompilerThread3" daemon [_thread_blocked, id=7048, stack(0x000000c0dc000000,0x000000c0dc100000)]
  0x000001f1e9906db0 JavaThread "Notification Thread" daemon [_thread_blocked, id=5960, stack(0x000000c0dc100000,0x000000c0dc200000)]
  0x000001f1ebcaca20 JavaThread "C2 CompilerThread3" daemon [_thread_blocked, id=7500, stack(0x000000c0dc300000,0x000000c0dc400000)]
  0x000001f1eba630d0 JavaThread "C2 CompilerThread4" daemon [_thread_blocked, id=8316, stack(0x000000c0dc400000,0x000000c0dc500000)]
=>0x000001f1eb994150 JavaThread "C2 CompilerThread5" daemon [_thread_in_native, id=7560, stack(0x000000c0dc500000,0x000000c0dc600000)]

Other Threads:
  0x000001f1e7a6d3d0 VMThread "VM Thread" [stack: 0x000000c0db100000,0x000000c0db200000] [id=6524]
  0x000001f1e9907280 WatcherThread [stack: 0x000000c0dc200000,0x000000c0dc300000] [id=5984]
  0x000001f1d3c114c0 GCTaskThread "GC Thread#0" [stack: 0x000000c0db000000,0x000000c0db100000] [id=6652]
  0x000001f1eb937340 GCTaskThread "GC Thread#1" [stack: 0x000000c0dc600000,0x000000c0dc700000] [id=7996]
  0x000001f1eb936dc0 GCTaskThread "GC Thread#2" [stack: 0x000000c0dc700000,0x000000c0dc800000] [id=7320]
  0x000001f1eb887cd0 GCTaskThread "GC Thread#3" [stack: 0x000000c0dc800000,0x000000c0dc900000] [id=5444]
  0x000001f1eb887f80 GCTaskThread "GC Thread#4" [stack: 0x000000c0dc900000,0x000000c0dca00000] [id=4364]
  0x000001f1eb888230 GCTaskThread "GC Thread#5" [stack: 0x000000c0dca00000,0x000000c0dcb00000] [id=4228]
  0x000001f1eb8884e0 GCTaskThread "GC Thread#6" [stack: 0x000000c0dcb00000,0x000000c0dcc00000] [id=1616]

Threads with active compile tasks:
C2 CompilerThread5      566 1194   !   4       lombok.patcher.ScriptManager$OurClassFileTransformer::transform (364 bytes)

VM state: not at safepoint (normal execution)

VM Mutex/Monitor currently owned by a thread: None

Heap address: 0x00000000c0000000, size: 1024 MB, Compressed Oops mode: 32-bit

CDS archive(s) not mapped
Compressed class space mapped at: 0x0000000100000000-0x0000000140000000, reserved size: 1073741824
Narrow klass base: 0x0000000000000000, Narrow klass shift: 3, Narrow klass range: 0x140000000

GC Precious Log:
 CPUs: 16 total, 16 available
 Memory: 32691M
 Large Page Support: Disabled
 NUMA Support: Disabled
 Compressed Oops: Enabled (32-bit)
 Alignments: Space 512K, Generation 512K, Heap 2M
 Heap Min Capacity: 100M
 Heap Initial Capacity: 100M
 Heap Max Capacity: 1G
 Pre-touch: Disabled
 Parallel Workers: 13

Heap:
 PSYoungGen      total 29696K, used 13153K [0x00000000eab00000, 0x00000000ecc00000, 0x0000000100000000)
  eden space 25600K, 37% used [0x00000000eab00000,0x00000000eb44e570,0x00000000ec400000)
  from space 4096K, 88% used [0x00000000ec400000,0x00000000ec78a228,0x00000000ec800000)
  to   space 4096K, 0% used [0x00000000ec800000,0x00000000ec800000,0x00000000ecc00000)
 ParOldGen       total 68608K, used 16K [0x00000000c0000000, 0x00000000c4300000, 0x00000000eab00000)
  object space 68608K, 0% used [0x00000000c0000000,0x00000000c0004000,0x00000000c4300000)
 Metaspace       used 12262K, committed 12416K, reserved 1064960K
  class space    used 1204K, committed 1280K, reserved 1048576K

Card table byte_map: [0x000001f1d35a0000,0x000001f1d37b0000] _byte_map_base: 0x000001f1d2fa0000

Marking Bits: (ParMarkBitMap*) 0x00007ff9751b0dd0
 Begin Bits: [0x000001f1e5880000, 0x000001f1e6880000)
 End Bits:   [0x000001f1e6880000, 0x000001f1e7880000)

Polling page: 0x000001f1d1b30000

Metaspace:

Usage:
  Non-class:     10.80 MB used.
      Class:      1.18 MB used.
       Both:     11.98 MB used.

Virtual space:
  Non-class space:       16.00 MB reserved,      10.88 MB ( 68%) committed,  2 nodes.
      Class space:        1.00 GB reserved,       1.25 MB ( <1%) committed,  1 nodes.
             Both:        1.02 GB reserved,      12.12 MB (  1%) committed. 

Chunk freelists:
   Non-Class:  288.00 KB
       Class:  2.61 MB
        Both:  2.89 MB

MaxMetaspaceSize: unlimited
CompressedClassSpaceSize: 1.00 GB
Initial GC threshold: 21.00 MB
Current GC threshold: 21.00 MB
CDS: off
MetaspaceReclaimPolicy: balanced
 - commit_granule_bytes: 65536.
 - commit_granule_words: 8192.
 - virtual_space_node_default_size: 1048576.
 - enlarge_chunks_in_place: 1.
 - new_chunks_are_fully_committed: 0.
 - uncommit_free_chunks: 1.
 - use_allocation_guard: 0.
 - handle_deallocations: 1.


Internal statistics:

num_allocs_failed_limit: 0.
num_arena_births: 42.
num_arena_deaths: 0.
num_vsnodes_births: 3.
num_vsnodes_deaths: 0.
num_space_committed: 194.
num_space_uncommitted: 0.
num_chunks_returned_to_freelist: 0.
num_chunks_taken_from_freelist: 153.
num_chunk_merges: 0.
num_chunk_splits: 102.
num_chunks_enlarged: 84.
num_purges: 0.
num_inconsistent_stats: 0.

CodeHeap 'non-profiled nmethods': size=119168Kb used=450Kb max_used=450Kb free=118717Kb
 bounds [0x000001f1de420000, 0x000001f1de690000, 0x000001f1e5880000]
CodeHeap 'profiled nmethods': size=119104Kb used=2327Kb max_used=2327Kb free=116776Kb
 bounds [0x000001f1d6fd0000, 0x000001f1d7240000, 0x000001f1de420000]
CodeHeap 'non-nmethods': size=7488Kb used=2834Kb max_used=2862Kb free=4653Kb
 bounds [0x000001f1d6880000, 0x000001f1d6b50000, 0x000001f1d6fd0000]
 total_blobs=1705 nmethods=1267 adapters=350
 compilation: enabled
              stopped_count=0, restarted_count=0
 full_count=0

Compilation events (20 events):
Event: 0.530 Thread 0x000001f1e960c700 nmethod 1232 0x000001f1d7201b90 code [0x000001f1d7201d20, 0x000001f1d7201ed8]
Event: 0.530 Thread 0x000001f1e960c700 1234       3       org.eclipse.osgi.internal.container.NamespaceList$Builder::prepareModification (43 bytes)
Event: 0.530 Thread 0x000001f1e979ca10 nmethod 1231 0x000001f1d7201f90 code [0x000001f1d7202140, 0x000001f1d7202408]
Event: 0.530 Thread 0x000001f1e979ca10 1235       3       org.eclipse.osgi.container.ModuleRevisionBuilder$GenericInfo$1::apply (9 bytes)
Event: 0.530 Thread 0x000001f1e990dc40 nmethod 1239 0x000001f1d7202590 code [0x000001f1d7202740, 0x000001f1d7202b98]
Event: 0.530 Thread 0x000001f1e990e560 nmethod 1233 0x000001f1d7202d10 code [0x000001f1d7202ee0, 0x000001f1d72032f8]
Event: 0.530 Thread 0x000001f1e990dc40 1236       3       org.eclipse.osgi.container.ModuleRevisionBuilder$GenericInfo$1::apply (5 bytes)
Event: 0.530 Thread 0x000001f1e990e560 1237       3       org.eclipse.osgi.internal.container.NamespaceList$Builder::getNamespaceList (20 bytes)
Event: 0.530 Thread 0x000001f1e979ca10 nmethod 1235 0x000001f1d7203490 code [0x000001f1d7203640, 0x000001f1d72038d8]
Event: 0.530 Thread 0x000001f1e990dc40 nmethod 1236 0x000001f1d7203a10 code [0x000001f1d7203ba0, 0x000001f1d7203cd8]
Event: 0.530 Thread 0x000001f1e979ca10 1238       3       org.eclipse.osgi.internal.container.NamespaceList$Builder$2::<init> (10 bytes)
Event: 0.531 Thread 0x000001f1e990dc40 1240       3       org.eclipse.osgi.util.ManifestElement::addTableValue (96 bytes)
Event: 0.531 Thread 0x000001f1e960c700 nmethod 1234 0x000001f1d7203d90 code [0x000001f1d7203f80, 0x000001f1d7204428]
Event: 0.531 Thread 0x000001f1e960c700 1241       3       org.eclipse.osgi.internal.util.Tokenizer::getEscapedToken (109 bytes)
Event: 0.531 Thread 0x000001f1e979ca10 nmethod 1238 0x000001f1d7204d90 code [0x000001f1d7204f20, 0x000001f1d7205098]
Event: 0.531 Thread 0x000001f1e990e560 nmethod 1237 0x000001f1d7204610 code [0x000001f1d72047e0, 0x000001f1d7204be8]
Event: 0.531 Thread 0x000001f1e979ca10 1242       3       java.util.ArrayList::addAll (76 bytes)
Event: 0.532 Thread 0x000001f1e979ca10 nmethod 1242 0x000001f1d7206590 code [0x000001f1d7206760, 0x000001f1d7206be8]
Event: 0.532 Thread 0x000001f1e990dc40 nmethod 1240 0x000001f1d7205190 code [0x000001f1d7205420, 0x000001f1d7206148]
Event: 0.532 Thread 0x000001f1e960c700 nmethod 1241 0x000001f1d7206d90 code [0x000001f1d7207000, 0x000001f1d7207a18]

GC Heap History (2 events):
Event: 0.442 GC heap before
{Heap before GC invocations=1 (full 0):
 PSYoungGen      total 29696K, used 25600K [0x00000000eab00000, 0x00000000ecc00000, 0x0000000100000000)
  eden space 25600K, 100% used [0x00000000eab00000,0x00000000ec400000,0x00000000ec400000)
  from space 4096K, 0% used [0x00000000ec800000,0x00000000ec800000,0x00000000ecc00000)
  to   space 4096K, 0% used [0x00000000ec400000,0x00000000ec400000,0x00000000ec800000)
 ParOldGen       total 68608K, used 0K [0x00000000c0000000, 0x00000000c4300000, 0x00000000eab00000)
  object space 68608K, 0% used [0x00000000c0000000,0x00000000c0000000,0x00000000c4300000)
 Metaspace       used 10589K, committed 10752K, reserved 1064960K
  class space    used 1052K, committed 1152K, reserved 1048576K
}
Event: 0.446 GC heap after
{Heap after GC invocations=1 (full 0):
 PSYoungGen      total 29696K, used 3624K [0x00000000eab00000, 0x00000000ecc00000, 0x0000000100000000)
  eden space 25600K, 0% used [0x00000000eab00000,0x00000000eab00000,0x00000000ec400000)
  from space 4096K, 88% used [0x00000000ec400000,0x00000000ec78a228,0x00000000ec800000)
  to   space 4096K, 0% used [0x00000000ec800000,0x00000000ec800000,0x00000000ecc00000)
 ParOldGen       total 68608K, used 16K [0x00000000c0000000, 0x00000000c4300000, 0x00000000eab00000)
  object space 68608K, 0% used [0x00000000c0000000,0x00000000c0004000,0x00000000c4300000)
 Metaspace       used 10589K, committed 10752K, reserved 1064960K
  class space    used 1052K, committed 1152K, reserved 1048576K
}

Dll operation events (8 events):
Event: 0.005 Loaded shared library c:\Users\davic\.vscode\extensions\redhat.java-1.14.0-win32-x64\jre\17.0.5-win32-x86_64\bin\java.dll
Event: 0.082 Loaded shared library c:\Users\davic\.vscode\extensions\redhat.java-1.14.0-win32-x64\jre\17.0.5-win32-x86_64\bin\zip.dll
Event: 0.083 Loaded shared library C:\Users\davic\.vscode\extensions\redhat.java-1.14.0-win32-x64\jre\17.0.5-win32-x86_64\bin\instrument.dll
Event: 0.091 Loaded shared library C:\Users\davic\.vscode\extensions\redhat.java-1.14.0-win32-x64\jre\17.0.5-win32-x86_64\bin\net.dll
Event: 0.092 Loaded shared library C:\Users\davic\.vscode\extensions\redhat.java-1.14.0-win32-x64\jre\17.0.5-win32-x86_64\bin\nio.dll
Event: 0.096 Loaded shared library C:\Users\davic\.vscode\extensions\redhat.java-1.14.0-win32-x64\jre\17.0.5-win32-x86_64\bin\zip.dll
Event: 0.104 Loaded shared library C:\Users\davic\.vscode\extensions\redhat.java-1.14.0-win32-x64\jre\17.0.5-win32-x86_64\bin\jimage.dll
Event: 0.127 Loaded shared library c:\Users\davic\.vscode\extensions\redhat.java-1.14.0-win32-x64\jre\17.0.5-win32-x86_64\bin\verify.dll

Deoptimization events (20 events):
Event: 0.420 Thread 0x000001f1d3bfc380 DEOPT PACKING pc=0x000001f1de444528 sp=0x000000c0daffe550
Event: 0.420 Thread 0x000001f1d3bfc380 DEOPT UNPACKING pc=0x000001f1d68d20a3 sp=0x000000c0daffe500 mode 2
Event: 0.428 Thread 0x000001f1d3bfc380 DEOPT PACKING pc=0x000001f1d701c5d2 sp=0x000000c0daffd260
Event: 0.428 Thread 0x000001f1d3bfc380 DEOPT UNPACKING pc=0x000001f1d68d2843 sp=0x000000c0daffc6c0 mode 0
Event: 0.447 Thread 0x000001f1d3bfc380 Uncommon trap: trap_request=0xffffff45 fr.pc=0x000001f1de475ed4 relative=0x0000000000000a94
Event: 0.447 Thread 0x000001f1d3bfc380 Uncommon trap: reason=unstable_if action=reinterpret pc=0x000001f1de475ed4 method=java.util.HashMap.hash(Ljava/lang/Object;)I @ 1 c2
Event: 0.447 Thread 0x000001f1d3bfc380 DEOPT PACKING pc=0x000001f1de475ed4 sp=0x000000c0daffe3a0
Event: 0.447 Thread 0x000001f1d3bfc380 DEOPT UNPACKING pc=0x000001f1d68d20a3 sp=0x000000c0daffe320 mode 2
Event: 0.447 Thread 0x000001f1d3bfc380 Uncommon trap: trap_request=0xffffff45 fr.pc=0x000001f1de46cbdc relative=0x000000000000023c
Event: 0.447 Thread 0x000001f1d3bfc380 Uncommon trap: reason=unstable_if action=reinterpret pc=0x000001f1de46cbdc method=java.util.HashMap.hash(Ljava/lang/Object;)I @ 1 c2
Event: 0.447 Thread 0x000001f1d3bfc380 DEOPT PACKING pc=0x000001f1de46cbdc sp=0x000000c0daffe2e0
Event: 0.447 Thread 0x000001f1d3bfc380 DEOPT UNPACKING pc=0x000001f1d68d20a3 sp=0x000000c0daffe178 mode 2
Event: 0.447 Thread 0x000001f1d3bfc380 Uncommon trap: trap_request=0xffffff45 fr.pc=0x000001f1de4620dc relative=0x000000000000029c
Event: 0.447 Thread 0x000001f1d3bfc380 Uncommon trap: reason=unstable_if action=reinterpret pc=0x000001f1de4620dc method=java.util.HashMap.hash(Ljava/lang/Object;)I @ 1 c2
Event: 0.447 Thread 0x000001f1d3bfc380 DEOPT PACKING pc=0x000001f1de4620dc sp=0x000000c0daffe370
Event: 0.447 Thread 0x000001f1d3bfc380 DEOPT UNPACKING pc=0x000001f1d68d20a3 sp=0x000000c0daffe288 mode 2
Event: 0.447 Thread 0x000001f1d3bfc380 Uncommon trap: trap_request=0xffffff45 fr.pc=0x000001f1de465b14 relative=0x0000000000000094
Event: 0.447 Thread 0x000001f1d3bfc380 Uncommon trap: reason=unstable_if action=reinterpret pc=0x000001f1de465b14 method=java.util.HashMap.hash(Ljava/lang/Object;)I @ 1 c2
Event: 0.447 Thread 0x000001f1d3bfc380 DEOPT PACKING pc=0x000001f1de465b14 sp=0x000000c0daffe1e0
Event: 0.447 Thread 0x000001f1d3bfc380 DEOPT UNPACKING pc=0x000001f1d68d20a3 sp=0x000000c0daffe178 mode 2

Classes unloaded (0 events):
No events

Classes redefined (0 events):
No events

Internal exceptions (20 events):
Event: 0.290 Thread 0x000001f1d3bfc380 Exception <a 'java/io/FileNotFoundException'{0x00000000eba7c298}> (0x00000000eba7c298) 
thrown [s\src\hotspot\share\prims\jni.cpp, line 516]
Event: 0.290 Thread 0x000001f1d3bfc380 Exception <a 'java/io/FileNotFoundException'{0x00000000eba7cfe0}> (0x00000000eba7cfe0) 
thrown [s\src\hotspot\share\prims\jni.cpp, line 516]
Event: 0.291 Thread 0x000001f1d3bfc380 Exception <a 'java/io/FileNotFoundException'{0x00000000eba7dd08}> (0x00000000eba7dd08) 
thrown [s\src\hotspot\share\prims\jni.cpp, line 516]
Event: 0.291 Thread 0x000001f1d3bfc380 Exception <a 'java/io/FileNotFoundException'{0x00000000eba7ea00}> (0x00000000eba7ea00) 
thrown [s\src\hotspot\share\prims\jni.cpp, line 516]
Event: 0.295 Thread 0x000001f1d3bfc380 Implicit null exception at 0x000001f1de442572 to 0x000001f1de442a90
Event: 0.297 Thread 0x000001f1d3bfc380 Exception <a 'java/io/FileNotFoundException'{0x00000000ebabf548}> (0x00000000ebabf548) 
thrown [s\src\hotspot\share\prims\jni.cpp, line 516]
Event: 0.415 Thread 0x000001f1d3bfc380 Exception <a 'java/lang/ClassNotFoundException'{0x00000000ec2b7a58}: sun/net/www/protocol/c/Handler> (0x00000000ec2b7a58) 
thrown [s\src\hotspot\share\classfile\systemDictionary.cpp, line 256]
Event: 0.416 Thread 0x000001f1d3bfc380 Exception <a 'java/lang/ClassNotFoundException'{0x00000000ec2b8e10}: sun/net/www/protocol/d/Handler> (0x00000000ec2b8e10) 
thrown [s\src\hotspot\share\classfile\systemDictionary.cpp, line 256]
Event: 0.416 Thread 0x000001f1d3bfc380 Exception <a 'java/lang/ClassNotFoundException'{0x00000000ec2ba050}: sun/net/www/protocol/c/Handler> (0x00000000ec2ba050) 
thrown [s\src\hotspot\share\classfile\systemDictionary.cpp, line 256]
Event: 0.420 Thread 0x000001f1d3bfc380 Exception <a 'java/io/FileNotFoundException'{0x00000000ec2e06e8}> (0x00000000ec2e06e8) 
thrown [s\src\hotspot\share\prims\jni.cpp, line 516]
Event: 0.447 Thread 0x000001f1d3bfc380 Implicit null exception at 0x000001f1de47547b to 0x000001f1de475ebc
Event: 0.447 Thread 0x000001f1d3bfc380 Implicit null exception at 0x000001f1de46c9ec to 0x000001f1de46cbc4
Event: 0.447 Thread 0x000001f1d3bfc380 Implicit null exception at 0x000001f1de461e8e to 0x000001f1de4620bc
Event: 0.447 Thread 0x000001f1d3bfc380 Implicit null exception at 0x000001f1de465a8f to 0x000001f1de465b05
Event: 0.470 Thread 0x000001f1d3bfc380 Exception <a 'java/lang/NoSuchMethodError'{0x00000000eadac158}: 'int java.lang.invoke.DirectMethodHandle$Holder.invokeStaticInit(java.lang.Object, java.lang.Object, java.lang.Object, java.lang.Object)'> (0x00000000eadac158) 
thrown [s\src\hotspot\share\interpreter\linkResolver.cpp, line 759]
Event: 0.471 Thread 0x000001f1d3bfc380 Exception <a 'java/lang/NoSuchMethodError'{0x00000000eadb68d0}: 'java.lang.Object java.lang.invoke.DirectMethodHandle$Holder.invokeInterface(java.lang.Object, java.lang.Object)'> (0x00000000eadb68d0) 
thrown [s\src\hotspot\share\interpreter\linkResolver.cpp, line 759]
Event: 0.471 Thread 0x000001f1d3bfc380 Exception <a 'java/lang/IncompatibleClassChangeError'{0x00000000eadba0c8}: Found class java.lang.Object, but interface was expected> (0x00000000eadba0c8) 
thrown [s\src\hotspot\share\interpreter\linkResolver.cpp, line 826]
Event: 0.472 Thread 0x000001f1d3bfc380 Exception <a 'java/lang/NoSuchMethodError'{0x00000000eadbe5c0}: 'void java.lang.invoke.DirectMethodHandle$Holder.invokeStatic(java.lang.Object, java.lang.Object)'> (0x00000000eadbe5c0) 
thrown [s\src\hotspot\share\interpreter\linkResolver.cpp, line 759]
Event: 0.472 Thread 0x000001f1d3bfc380 Exception <a 'java/lang/NoSuchMethodError'{0x00000000eadc1dc0}: 'void java.lang.invoke.DirectMethodHandle$Holder.invokeStaticInit(java.lang.Object, java.lang.Object)'> (0x00000000eadc1dc0) 
thrown [s\src\hotspot\share\interpreter\linkResolver.cpp, line 759]
Event: 0.473 Thread 0x000001f1d3bfc380 Exception <a 'java/lang/NoSuchMethodError'{0x00000000eadc9358}: 'int java.lang.invoke.DirectMethodHandle$Holder.invokeStaticInit(java.lang.Object, java.lang.Object)'> (0x00000000eadc9358) 
thrown [s\src\hotspot\share\interpreter\linkResolver.cpp, line 759]

VM Operations (10 events):
Event: 0.072 Executing VM operation: HandshakeAllThreads
Event: 0.072 Executing VM operation: HandshakeAllThreads done
Event: 0.112 Executing VM operation: HandshakeAllThreads
Event: 0.112 Executing VM operation: HandshakeAllThreads done
Event: 0.274 Executing VM operation: HandshakeAllThreads
Event: 0.274 Executing VM operation: HandshakeAllThreads done
Event: 0.284 Executing VM operation: HandshakeAllThreads
Event: 0.284 Executing VM operation: HandshakeAllThreads done
Event: 0.442 Executing VM operation: ParallelGCFailedAllocation
Event: 0.446 Executing VM operation: ParallelGCFailedAllocation done

Events (20 events):
Event: 0.499 loading class java/util/concurrent/SynchronousQueue$TransferStack$SNode
Event: 0.499 loading class java/util/concurrent/ForkJoinPool$ManagedBlocker
Event: 0.499 loading class java/util/concurrent/ForkJoinPool$ManagedBlocker done
Event: 0.499 loading class java/util/concurrent/SynchronousQueue$TransferStack$SNode done
Event: 0.499 loading class java/util/concurrent/RejectedExecutionHandler
Event: 0.499 loading class java/util/concurrent/RejectedExecutionHandler done
Event: 0.500 loading class java/util/concurrent/LinkedBlockingQueue
Event: 0.500 loading class java/util/concurrent/LinkedBlockingQueue done
Event: 0.500 loading class java/util/concurrent/LinkedBlockingQueue$Node
Event: 0.500 loading class java/util/concurrent/LinkedBlockingQueue$Node done
Event: 0.506 loading class java/util/concurrent/Semaphore$NonfairSync
Event: 0.506 loading class java/util/concurrent/Semaphore$Sync
Event: 0.507 loading class java/util/concurrent/Semaphore$Sync done
Event: 0.507 loading class java/util/concurrent/Semaphore$NonfairSync done
Event: 0.513 loading class java/lang/reflect/TypeVariable
Event: 0.513 loading class java/lang/reflect/TypeVariable done
Event: 0.513 loading class java/lang/reflect/AnnotatedType
Event: 0.513 loading class java/lang/reflect/AnnotatedType done
Event: 0.516 loading class java/util/ComparableTimSort
Event: 0.516 loading class java/util/ComparableTimSort done


Dynamic libraries:
0x00007ff764be0000 - 0x00007ff764bee000 	c:\Users\davic\.vscode\extensions\redhat.java-1.14.0-win32-x64\jre\17.0.5-win32-x86_64\bin\java.exe
0x00007ff9d3b90000 - 0x00007ff9d3da4000 	C:\WINDOWS\SYSTEM32\ntdll.dll
0x00007ff9d2950000 - 0x00007ff9d2a13000 	C:\WINDOWS\System32\KERNEL32.DLL
0x00007ff9d0fb0000 - 0x00007ff9d134d000 	C:\WINDOWS\System32\KERNELBASE.dll
0x00007ff9d1830000 - 0x00007ff9d1941000 	C:\WINDOWS\System32\ucrtbase.dll
0x00007ff9ccc40000 - 0x00007ff9ccc57000 	c:\Users\davic\.vscode\extensions\redhat.java-1.14.0-win32-x64\jre\17.0.5-win32-x86_64\bin\jli.dll
0x00007ff9ccc20000 - 0x00007ff9ccc39000 	c:\Users\davic\.vscode\extensions\redhat.java-1.14.0-win32-x64\jre\17.0.5-win32-x86_64\bin\VCRUNTIME140.dll
0x00007ff9d39a0000 - 0x00007ff9d3b4d000 	C:\WINDOWS\System32\USER32.dll
0x00007ff9d01b0000 - 0x00007ff9d043e000 	C:\WINDOWS\WinSxS\amd64_microsoft.windows.common-controls_6595b64144ccf1df_6.0.22621.608_none_a9444ca7c10bb01d\COMCTL32.dll
0x00007ff9d1950000 - 0x00007ff9d1976000 	C:\WINDOWS\System32\win32u.dll
0x00007ff9d30f0000 - 0x00007ff9d3197000 	C:\WINDOWS\System32\msvcrt.dll
0x00007ff9d3780000 - 0x00007ff9d37a9000 	C:\WINDOWS\System32\GDI32.dll
0x00007ff9d1460000 - 0x00007ff9d1572000 	C:\WINDOWS\System32\gdi32full.dll
0x00007ff9d1350000 - 0x00007ff9d13ea000 	C:\WINDOWS\System32\msvcp_win.dll
0x00007ff9d1980000 - 0x00007ff9d19b2000 	C:\WINDOWS\System32\IMM32.DLL
0x00007ff9ccce0000 - 0x00007ff9cccec000 	c:\Users\davic\.vscode\extensions\redhat.java-1.14.0-win32-x64\jre\17.0.5-win32-x86_64\bin\vcruntime140_1.dll
0x00007ff9aadd0000 - 0x00007ff9aae61000 	c:\Users\davic\.vscode\extensions\redhat.java-1.14.0-win32-x64\jre\17.0.5-win32-x86_64\bin\msvcp140.dll
0x00007ff974630000 - 0x00007ff975274000 	c:\Users\davic\.vscode\extensions\redhat.java-1.14.0-win32-x64\jre\17.0.5-win32-x86_64\bin\server\jvm.dll
0x00007ff9d1aa0000 - 0x00007ff9d1b4e000 	C:\WINDOWS\System32\ADVAPI32.dll
0x00007ff9d23f0000 - 0x00007ff9d2494000 	C:\WINDOWS\System32\sechost.dll
0x00007ff9d2aa0000 - 0x00007ff9d2bb5000 	C:\WINDOWS\System32\RPCRT4.dll
0x00007ff9c5e50000 - 0x00007ff9c5e84000 	C:\WINDOWS\SYSTEM32\WINMM.dll
0x00007ff9c5180000 - 0x00007ff9c5189000 	C:\WINDOWS\SYSTEM32\WSOCK32.dll
0x00007ff9cf820000 - 0x00007ff9cf82a000 	C:\WINDOWS\SYSTEM32\VERSION.dll
0x00007ff9d2a20000 - 0x00007ff9d2a91000 	C:\WINDOWS\System32\WS2_32.dll
0x00007ff9cf130000 - 0x00007ff9cf148000 	C:\WINDOWS\SYSTEM32\kernel.appcore.dll
0x00007ff9bfb90000 - 0x00007ff9bfb9a000 	c:\Users\davic\.vscode\extensions\redhat.java-1.14.0-win32-x64\jre\17.0.5-win32-x86_64\bin\jimage.dll
0x00007ff9d0920000 - 0x00007ff9d0b4e000 	C:\WINDOWS\SYSTEM32\DBGHELP.DLL
0x00007ff9d33f0000 - 0x00007ff9d377a000 	C:\WINDOWS\System32\combase.dll
0x00007ff9d19c0000 - 0x00007ff9d1a97000 	C:\WINDOWS\System32\OLEAUT32.dll
0x00007ff9d0790000 - 0x00007ff9d07c2000 	C:\WINDOWS\SYSTEM32\dbgcore.DLL
0x00007ff9d1580000 - 0x00007ff9d15fb000 	C:\WINDOWS\System32\bcryptPrimitives.dll
0x00007ff9bea40000 - 0x00007ff9bea4e000 	c:\Users\davic\.vscode\extensions\redhat.java-1.14.0-win32-x64\jre\17.0.5-win32-x86_64\bin\instrument.dll
0x00007ff9bea10000 - 0x00007ff9bea35000 	c:\Users\davic\.vscode\extensions\redhat.java-1.14.0-win32-x64\jre\17.0.5-win32-x86_64\bin\java.dll
0x00007ff9be360000 - 0x00007ff9be378000 	c:\Users\davic\.vscode\extensions\redhat.java-1.14.0-win32-x64\jre\17.0.5-win32-x86_64\bin\zip.dll
0x00007ff9d1b50000 - 0x00007ff9d233f000 	C:\WINDOWS\System32\SHELL32.dll
0x00007ff9ce080000 - 0x00007ff9ce948000 	C:\WINDOWS\SYSTEM32\windows.storage.dll
0x00007ff9cdf40000 - 0x00007ff9ce07e000 	C:\WINDOWS\SYSTEM32\wintypes.dll
0x00007ff9d3260000 - 0x00007ff9d3351000 	C:\WINDOWS\System32\SHCORE.dll
0x00007ff9d3930000 - 0x00007ff9d398e000 	C:\WINDOWS\System32\shlwapi.dll
0x00007ff9d0ee0000 - 0x00007ff9d0f01000 	C:\WINDOWS\SYSTEM32\profapi.dll
0x00007ff9bde20000 - 0x00007ff9bde39000 	C:\Users\davic\.vscode\extensions\redhat.java-1.14.0-win32-x64\jre\17.0.5-win32-x86_64\bin\net.dll
0x00007ff9cac40000 - 0x00007ff9cad6f000 	C:\WINDOWS\SYSTEM32\WINHTTP.dll
0x00007ff9cf500000 - 0x00007ff9cf569000 	C:\WINDOWS\system32\mswsock.dll
0x00007ff9bdcd0000 - 0x00007ff9bdce5000 	C:\Users\davic\.vscode\extensions\redhat.java-1.14.0-win32-x64\jre\17.0.5-win32-x86_64\bin\nio.dll
0x00007ff9be4d0000 - 0x00007ff9be4e0000 	c:\Users\davic\.vscode\extensions\redhat.java-1.14.0-win32-x64\jre\17.0.5-win32-x86_64\bin\verify.dll

dbghelp: loaded successfully - version: 4.0.5 - missing functions: none
symbol engine: initialized successfully - sym options: 0x614 - pdb path: .;c:\Users\davic\.vscode\extensions\redhat.java-1.14.0-win32-x64\jre\17.0.5-win32-x86_64\bin;C:\WINDOWS\SYSTEM32;C:\WINDOWS\WinSxS\amd64_microsoft.windows.common-controls_6595b64144ccf1df_6.0.22621.608_none_a9444ca7c10bb01d;c:\Users\davic\.vscode\extensions\redhat.java-1.14.0-win32-x64\jre\17.0.5-win32-x86_64\bin\server

VM Arguments:
jvm_args: --add-modules=ALL-SYSTEM --add-opens=java.base/java.util=ALL-UNNAMED --add-opens=java.base/java.lang=ALL-UNNAMED --add-opens=java.base/sun.nio.fs=ALL-UNNAMED -Declipse.application=org.eclipse.jdt.ls.core.id1 -Dosgi.bundles.defaultStartLevel=4 -Declipse.product=org.eclipse.jdt.ls.core.product -Djava.import.generatesMetadataFilesAtProjectRoot=false -Dfile.encoding=utf8 -XX:+UseParallelGC -XX:GCTimeRatio=4 -XX:AdaptiveSizePolicyWeight=90 -Dsun.zip.disableMemoryMapping=true -Xmx1G -Xms100m -Xlog:disable -javaagent:c:\Users\davic\.vscode\extensions\redhat.java-1.14.0-win32-x64\lombok\lombok-1.18.24.jar -XX:+HeapDumpOnOutOfMemoryError -XX:HeapDumpPath=c:\Users\davic\AppData\Roaming\Code\User\workspaceStorage\34fb0953a6f34b990d3e58c3780b5e3c\redhat.java 
java_command: c:\Users\davic\.vscode\extensions\redhat.java-1.14.0-win32-x64\server\plugins\org.eclipse.equinox.launcher_1.6.400.v20210924-0641.jar -configuration c:\Users\davic\AppData\Roaming\Code\User\globalStorage\redhat.java\1.14.0\config_win -data c:\Users\davic\AppData\Roaming\Code\User\workspaceStorage\34fb0953a6f34b990d3e58c3780b5e3c\redhat.java\jdt_ws
java_class_path (initial): c:\Users\davic\.vscode\extensions\redhat.java-1.14.0-win32-x64\server\plugins\org.eclipse.equinox.launcher_1.6.400.v20210924-0641.jar
Launcher Type: SUN_STANDARD

[Global flags]
    uintx AdaptiveSizePolicyWeight                 = 90                                        {product} {command line}
     intx CICompilerCount                          = 12                                        {product} {ergonomic}
    uintx GCTimeRatio                              = 4                                         {product} {command line}
     bool HeapDumpOnOutOfMemoryError               = true                                   {manageable} {command line}
    ccstr HeapDumpPath                             = c:\Users\davic\AppData\Roaming\Code\User\workspaceStorage\34fb0953a6f34b990d3e58c3780b5e3c\redhat.java         {manageable} {command line}
   size_t InitialHeapSize                          = 104857600                                 {product} {command line}
   size_t MaxHeapSize                              = 1073741824                                {product} {command line}
   size_t MaxNewSize                               = 357564416                                 {product} {ergonomic}
   size_t MinHeapDeltaBytes                        = 524288                                    {product} {ergonomic}
   size_t MinHeapSize                              = 104857600                                 {product} {command line}
   size_t NewSize                                  = 34603008                                  {product} {ergonomic}
    uintx NonNMethodCodeHeapSize                   = 7602480                                {pd product} {ergonomic}
    uintx NonProfiledCodeHeapSize                  = 122027880                              {pd product} {ergonomic}
   size_t OldSize                                  = 70254592                                  {product} {ergonomic}
    uintx ProfiledCodeHeapSize                     = 122027880                              {pd product} {ergonomic}
    uintx ReservedCodeCacheSize                    = 251658240                              {pd product} {ergonomic}
     bool SegmentedCodeCache                       = true                                      {product} {ergonomic}
   size_t SoftMaxHeapSize                          = 1073741824                             {manageable} {ergonomic}
     bool UseCompressedClassPointers               = true                           {product lp64_product} {ergonomic}
     bool UseCompressedOops                        = true                           {product lp64_product} {ergonomic}
     bool UseLargePagesIndividualAllocation        = false                                  {pd product} {ergonomic}
     bool UseParallelGC                            = true                                      {product} {command line}

Logging:
Log output configuration:
 #0: stdout all=off uptime,level,tags
 #1: stderr all=off uptime,level,tags

Environment Variables:
JAVA_HOME=C:\Users\davic\AppData\Local\Programs\Eclipse Adoptium\jdk-17.0.6.10-hotspot\
PATH=C:\WINDOWS\system32;C:\WINDOWS;C:\WINDOWS\System32\Wbem;C:\WINDOWS\System32\WindowsPowerShell\v1.0\;C:\WINDOWS\System32\OpenSSH\;C:\Program Files\Docker\Docker\resources\bin;C:\Program Files\Git\cmd;C:\Users\davic\AppData\Local\Programs\Eclipse Adoptium\jdk-17.0.6.10-hotspot\bin;C:\Program Files\MySQL\MySQL Shell 8.0\bin\;C:\Users\davic\AppData\Local\Microsoft\WindowsApps;;C:\Users\davic\AppData\Local\Programs\Microsoft VS Code\bin
USERNAME=davic
OS=Windows_NT
PROCESSOR_IDENTIFIER=AMD64 Family 23 Model 113 Stepping 0, AuthenticAMD
TMP=C:\Users\davic\AppData\Local\Temp
TEMP=C:\Users\davic\AppData\Local\Temp



---------------  S Y S T E M  ---------------

OS:
 Windows 11 , 64 bit Build 22621 (10.0.22621.1105)
OS uptime: 0 days 1:30 hours
Hyper-V role detected

CPU: total 16 (initial active 16) (16 cores per cpu, 2 threads per core) family 23 model 113 stepping 0 microcode 0x0, cx8, cmov, fxsr, ht, mmx, 3dnowpref, sse, sse2, sse3, ssse3, sse4a, sse4.1, sse4.2, popcnt, lzcnt, tsc, tscinvbit, avx, avx2, aes, clmul, bmi1, bmi2, adx, sha, fma, vzeroupper, clflush, clflushopt, hv

Memory: 4k page, system-wide physical 32691M (26106M free)
TotalPageFile size 37811M (AvailPageFile size 26580M)
current process WorkingSet (physical memory assigned to process): 82M, peak: 82M
current process commit charge ("private bytes"): 220M, peak: 220M

vm_info: OpenJDK 64-Bit Server VM (17.0.5+8) for windows-amd64 JRE (17.0.5+8), built on Oct 19 2022 04:48:13 by "temurin" with MS VC++ 16.7 (VS2019)

END.
